0 verbose cli /Users/petemcpherson/.nvm/versions/node/v20.19.5/bin/node /Users/petemcpherson/.nvm/versions/node/v20.19.5/bin/npm
1 info using npm@10.8.2
2 info using node@v20.19.5
3 silly config load:file:/Users/petemcpherson/.nvm/versions/node/v20.19.5/lib/node_modules/npm/npmrc
4 silly config load:file:/Users/petemcpherson/Coding Projects/pete-mcpherson/.npmrc
5 silly config load:file:/Users/petemcpherson/.npmrc
6 silly config load:file:/Users/petemcpherson/.nvm/versions/node/v20.19.5/etc/npmrc
7 verbose title npm install stripe
8 verbose argv "install" "stripe" "--cache" ".npm-cache"
9 verbose logfile logs-max:10 dir:/Users/petemcpherson/Coding Projects/pete-mcpherson/.npm-cache/_logs/2026-01-22T15_38_48_168Z-
10 verbose logfile /Users/petemcpherson/Coding Projects/pete-mcpherson/.npm-cache/_logs/2026-01-22T15_38_48_168Z-debug-0.log
11 silly packumentCache heap:4345298944 maxSize:1086324736 maxEntrySize:543162368
12 silly logfile done cleaning log files
13 silly idealTree buildDeps
14 silly fetch manifest stripe@*
15 silly packumentCache full:https://registry.npmjs.org/stripe cache-miss
16 http fetch GET 200 https://registry.npmjs.org/stripe 212ms (cache miss)
17 silly packumentCache full:https://registry.npmjs.org/stripe set size:undefined disposed:false
18 silly fetch manifest @types/node@>=16
19 silly packumentCache full:https://registry.npmjs.org/@types%2fnode cache-miss
20 http fetch GET 200 https://registry.npmjs.org/@types%2fnode 164ms (cache miss)
21 silly packumentCache full:https://registry.npmjs.org/@types%2fnode set size:undefined disposed:false
22 silly placeDep ROOT stripe@20.2.0 OK for: ez-site@0.0.1 want: *
23 silly fetch manifest qs@^6.14.1
24 silly packumentCache full:https://registry.npmjs.org/qs cache-miss
25 http fetch GET 200 https://registry.npmjs.org/qs 53ms (cache miss)
26 silly packumentCache full:https://registry.npmjs.org/qs set size:undefined disposed:false
27 silly placeDep ROOT qs@6.14.1 OK for: stripe@20.2.0 want: ^6.14.1
28 silly fetch manifest side-channel@^1.1.0
29 silly packumentCache full:https://registry.npmjs.org/side-channel cache-miss
30 http fetch GET 200 https://registry.npmjs.org/side-channel 39ms (cache miss)
31 silly packumentCache full:https://registry.npmjs.org/side-channel set size:undefined disposed:false
32 silly placeDep ROOT side-channel@1.1.0 OK for: qs@6.14.1 want: ^1.1.0
33 silly fetch manifest object-inspect@^1.13.3
34 silly packumentCache full:https://registry.npmjs.org/object-inspect cache-miss
35 silly fetch manifest side-channel-list@^1.0.0
36 silly packumentCache full:https://registry.npmjs.org/side-channel-list cache-miss
37 silly fetch manifest side-channel-map@^1.0.1
38 silly packumentCache full:https://registry.npmjs.org/side-channel-map cache-miss
39 silly fetch manifest side-channel-weakmap@^1.0.2
40 silly packumentCache full:https://registry.npmjs.org/side-channel-weakmap cache-miss
41 http fetch GET 200 https://registry.npmjs.org/object-inspect 42ms (cache miss)
42 silly packumentCache full:https://registry.npmjs.org/object-inspect set size:undefined disposed:false
43 http fetch GET 200 https://registry.npmjs.org/side-channel-list 104ms (cache miss)
44 silly packumentCache full:https://registry.npmjs.org/side-channel-list set size:undefined disposed:false
45 http fetch GET 200 https://registry.npmjs.org/side-channel-map 118ms (cache miss)
46 silly packumentCache full:https://registry.npmjs.org/side-channel-map set size:undefined disposed:false
47 http fetch GET 200 https://registry.npmjs.org/side-channel-weakmap 120ms (cache miss)
48 silly packumentCache full:https://registry.npmjs.org/side-channel-weakmap set size:undefined disposed:false
49 silly placeDep ROOT object-inspect@1.13.4 OK for: side-channel@1.1.0 want: ^1.13.3
50 silly placeDep ROOT side-channel-list@1.0.0 OK for: side-channel@1.1.0 want: ^1.0.0
51 silly placeDep ROOT side-channel-map@1.0.1 OK for: side-channel@1.1.0 want: ^1.0.1
52 silly placeDep ROOT side-channel-weakmap@1.0.2 OK for: side-channel@1.1.0 want: ^1.0.2
53 silly fetch manifest call-bound@^1.0.2
54 silly packumentCache full:https://registry.npmjs.org/call-bound cache-miss
55 silly fetch manifest call-bound@^1.0.2
56 silly packumentCache full:https://registry.npmjs.org/call-bound cache-miss
57 http fetch GET 200 https://registry.npmjs.org/call-bound 43ms (cache miss)
58 silly packumentCache full:https://registry.npmjs.org/call-bound set size:undefined disposed:false
59 http fetch GET 200 https://registry.npmjs.org/call-bound 74ms (cache miss)
60 silly packumentCache full:https://registry.npmjs.org/call-bound set size:undefined disposed:false
61 silly placeDep ROOT call-bound@1.0.4 OK for: side-channel-map@1.0.1 want: ^1.0.2
62 silly reify moves {}
63 silly audit bulk request {
63 silly audit   '@alloc/quick-lru': [ '5.2.0' ],
63 silly audit   '@ampproject/remapping': [ '2.3.0' ],
63 silly audit   '@cloudflare/kv-asset-handler': [ '0.3.4' ],
63 silly audit   '@cloudflare/unenv-preset': [ '2.0.2' ],
63 silly audit   '@cloudflare/workerd-darwin-64': [ '1.20250310.0' ],
63 silly audit   '@cloudflare/workerd-darwin-arm64': [ '1.20250310.0' ],
63 silly audit   '@cloudflare/workerd-linux-64': [ '1.20250310.0' ],
63 silly audit   '@cloudflare/workerd-linux-arm64': [ '1.20250310.0' ],
63 silly audit   '@cloudflare/workerd-windows-64': [ '1.20250310.0' ],
63 silly audit   '@cloudflare/workers-types': [ '4.20250402.0' ],
63 silly audit   '@cspotcode/source-map-support': [ '0.8.1' ],
63 silly audit   '@jridgewell/trace-mapping': [ '0.3.9', '0.3.25' ],
63 silly audit   '@emnapi/runtime': [ '1.4.0' ],
63 silly audit   '@esbuild-plugins/node-globals-polyfill': [ '0.2.3' ],
63 silly audit   '@esbuild-plugins/node-modules-polyfill': [ '0.2.2' ],
63 silly audit   '@esbuild/aix-ppc64': [ '0.24.2', '0.21.5' ],
63 silly audit   '@esbuild/android-arm': [ '0.24.2', '0.21.5', '0.17.19' ],
63 silly audit   '@esbuild/android-arm64': [ '0.24.2', '0.21.5', '0.17.19' ],
63 silly audit   '@esbuild/android-x64': [ '0.24.2', '0.21.5', '0.17.19' ],
63 silly audit   '@esbuild/darwin-arm64': [ '0.24.2', '0.21.5', '0.17.19' ],
63 silly audit   '@esbuild/darwin-x64': [ '0.24.2', '0.21.5', '0.17.19' ],
63 silly audit   '@esbuild/freebsd-arm64': [ '0.24.2', '0.21.5', '0.17.19' ],
63 silly audit   '@esbuild/freebsd-x64': [ '0.24.2', '0.21.5', '0.17.19' ],
63 silly audit   '@esbuild/linux-arm': [ '0.24.2', '0.21.5', '0.17.19' ],
63 silly audit   '@esbuild/linux-arm64': [ '0.24.2', '0.21.5', '0.17.19' ],
63 silly audit   '@esbuild/linux-ia32': [ '0.24.2', '0.21.5', '0.17.19' ],
63 silly audit   '@esbuild/linux-loong64': [ '0.24.2', '0.21.5', '0.17.19' ],
63 silly audit   '@esbuild/linux-mips64el': [ '0.24.2', '0.21.5', '0.17.19' ],
63 silly audit   '@esbuild/linux-ppc64': [ '0.24.2', '0.21.5', '0.17.19' ],
63 silly audit   '@esbuild/linux-riscv64': [ '0.24.2', '0.21.5', '0.17.19' ],
63 silly audit   '@esbuild/linux-s390x': [ '0.24.2', '0.21.5', '0.17.19' ],
63 silly audit   '@esbuild/linux-x64': [ '0.24.2', '0.21.5', '0.17.19' ],
63 silly audit   '@esbuild/netbsd-arm64': [ '0.24.2' ],
63 silly audit   '@esbuild/netbsd-x64': [ '0.24.2', '0.21.5', '0.17.19' ],
63 silly audit   '@esbuild/openbsd-arm64': [ '0.24.2' ],
63 silly audit   '@esbuild/openbsd-x64': [ '0.24.2', '0.21.5', '0.17.19' ],
63 silly audit   '@esbuild/sunos-x64': [ '0.24.2', '0.21.5', '0.17.19' ],
63 silly audit   '@esbuild/win32-arm64': [ '0.24.2', '0.21.5', '0.17.19' ],
63 silly audit   '@esbuild/win32-ia32': [ '0.24.2', '0.21.5', '0.17.19' ],
63 silly audit   '@esbuild/win32-x64': [ '0.24.2', '0.21.5', '0.17.19' ],
63 silly audit   '@fastify/busboy': [ '2.1.1', '3.1.1' ],
63 silly audit   '@firebase/analytics': [ '0.10.12' ],
63 silly audit   '@firebase/analytics-compat': [ '0.2.18' ],
63 silly audit   '@firebase/analytics-types': [ '0.8.3' ],
63 silly audit   '@firebase/app': [ '0.11.4' ],
63 silly audit   '@firebase/app-check': [ '0.8.13' ],
63 silly audit   '@firebase/app-check-compat': [ '0.3.20' ],
63 silly audit   '@firebase/app-check-interop-types': [ '0.3.3' ],
63 silly audit   '@firebase/app-check-types': [ '0.5.3' ],
63 silly audit   '@firebase/app-compat': [ '0.2.53' ],
63 silly audit   '@firebase/app-types': [ '0.9.3' ],
63 silly audit   '@firebase/auth': [ '1.10.0' ],
63 silly audit   '@firebase/auth-compat': [ '0.5.20' ],
63 silly audit   '@firebase/auth-interop-types': [ '0.2.4' ],
63 silly audit   '@firebase/auth-types': [ '0.13.0' ],
63 silly audit   '@firebase/component': [ '0.6.13' ],
63 silly audit   '@firebase/data-connect': [ '0.3.3' ],
63 silly audit   '@firebase/database': [ '1.0.14' ],
63 silly audit   '@firebase/database-compat': [ '2.0.5' ],
63 silly audit   '@firebase/database-types': [ '1.0.10' ],
63 silly audit   '@firebase/firestore': [ '4.7.10' ],
63 silly audit   '@firebase/firestore-compat': [ '0.3.45' ],
63 silly audit   '@firebase/firestore-types': [ '3.0.3' ],
63 silly audit   '@firebase/functions': [ '0.12.3' ],
63 silly audit   '@firebase/functions-compat': [ '0.3.20' ],
63 silly audit   '@firebase/functions-types': [ '0.6.3' ],
63 silly audit   '@firebase/installations': [ '0.6.13' ],
63 silly audit   '@firebase/installations-compat': [ '0.2.13' ],
63 silly audit   '@firebase/installations-types': [ '0.5.3' ],
63 silly audit   '@firebase/logger': [ '0.4.4' ],
63 silly audit   '@firebase/messaging': [ '0.12.17' ],
63 silly audit   '@firebase/messaging-compat': [ '0.2.17' ],
63 silly audit   '@firebase/messaging-interop-types': [ '0.2.3' ],
63 silly audit   '@firebase/performance': [ '0.7.2' ],
63 silly audit   '@firebase/performance-compat': [ '0.2.15' ],
63 silly audit   '@firebase/performance-types': [ '0.2.3' ],
63 silly audit   '@firebase/remote-config': [ '0.6.0' ],
63 silly audit   '@firebase/remote-config-compat': [ '0.2.13' ],
63 silly audit   '@firebase/remote-config-types': [ '0.4.0' ],
63 silly audit   '@firebase/storage': [ '0.13.7' ],
63 silly audit   '@firebase/storage-compat': [ '0.3.17' ],
63 silly audit   '@firebase/storage-types': [ '0.8.3' ],
63 silly audit   '@firebase/util': [ '1.11.0' ],
63 silly audit   '@firebase/vertexai': [ '1.2.1' ],
63 silly audit   '@firebase/webchannel-wrapper': [ '1.0.3' ],
63 silly audit   '@google-cloud/firestore': [ '7.11.0' ],
63 silly audit   '@google-cloud/paginator': [ '5.0.2' ],
63 silly audit   '@google-cloud/projectify': [ '4.0.0' ],
63 silly audit   '@google-cloud/promisify': [ '4.0.0' ],
63 silly audit   '@google-cloud/storage': [ '7.16.0' ],
63 silly audit   uuid: [ '8.3.2', '9.0.1', '11.1.0' ],
63 silly audit   '@grpc/grpc-js': [ '1.9.15', '1.13.2' ],
63 silly audit   '@grpc/proto-loader': [ '0.7.13' ],
63 silly audit   '@img/sharp-darwin-arm64': [ '0.33.5' ],
63 silly audit   '@img/sharp-darwin-x64': [ '0.33.5' ],
63 silly audit   '@img/sharp-libvips-darwin-arm64': [ '1.0.4' ],
63 silly audit   '@img/sharp-libvips-darwin-x64': [ '1.0.4' ],
63 silly audit   '@img/sharp-libvips-linux-arm': [ '1.0.5' ],
63 silly audit   '@img/sharp-libvips-linux-arm64': [ '1.0.4' ],
63 silly audit   '@img/sharp-libvips-linux-s390x': [ '1.0.4' ],
63 silly audit   '@img/sharp-libvips-linux-x64': [ '1.0.4' ],
63 silly audit   '@img/sharp-libvips-linuxmusl-arm64': [ '1.0.4' ],
63 silly audit   '@img/sharp-libvips-linuxmusl-x64': [ '1.0.4' ],
63 silly audit   '@img/sharp-linux-arm': [ '0.33.5' ],
63 silly audit   '@img/sharp-linux-arm64': [ '0.33.5' ],
63 silly audit   '@img/sharp-linux-s390x': [ '0.33.5' ],
63 silly audit   '@img/sharp-linux-x64': [ '0.33.5' ],
63 silly audit   '@img/sharp-linuxmusl-arm64': [ '0.33.5' ],
63 silly audit   '@img/sharp-linuxmusl-x64': [ '0.33.5' ],
63 silly audit   '@img/sharp-wasm32': [ '0.33.5' ],
63 silly audit   '@img/sharp-win32-ia32': [ '0.33.5' ],
63 silly audit   '@img/sharp-win32-x64': [ '0.33.5' ],
63 silly audit   '@isaacs/cliui': [ '8.0.2' ],
63 silly audit   '@jridgewell/gen-mapping': [ '0.3.8' ],
63 silly audit   '@jridgewell/resolve-uri': [ '3.1.2' ],
63 silly audit   '@jridgewell/set-array': [ '1.2.1' ],
63 silly audit   '@jridgewell/sourcemap-codec': [ '1.5.0' ],
63 silly audit   '@js-sdsl/ordered-map': [ '4.4.2' ],
63 silly audit   '@nodelib/fs.scandir': [ '2.1.5' ],
63 silly audit   '@nodelib/fs.stat': [ '2.0.5' ],
63 silly audit   '@nodelib/fs.walk': [ '1.2.8' ],
63 silly audit   '@opentelemetry/api': [ '1.9.0' ],
63 silly audit   '@pkgjs/parseargs': [ '0.11.0' ],
63 silly audit   '@polka/url': [ '1.0.0-next.28' ],
63 silly audit   '@protobufjs/aspromise': [ '1.1.2' ],
63 silly audit   '@protobufjs/base64': [ '1.1.2' ],
63 silly audit   '@protobufjs/codegen': [ '2.0.4' ],
63 silly audit   '@protobufjs/eventemitter': [ '1.1.0' ],
63 silly audit   '@protobufjs/fetch': [ '1.1.0' ],
63 silly audit   '@protobufjs/float': [ '1.0.2' ],
63 silly audit   '@protobufjs/inquire': [ '1.1.0' ],
63 silly audit   '@protobufjs/path': [ '1.1.2' ],
63 silly audit   '@protobufjs/pool': [ '1.1.0' ],
63 silly audit   '@protobufjs/utf8': [ '1.1.0' ],
63 silly audit   '@remirror/core-constants': [ '3.0.0' ],
63 silly audit   '@rollup/rollup-android-arm-eabi': [ '4.39.0' ],
63 silly audit   '@rollup/rollup-android-arm64': [ '4.39.0' ],
63 silly audit   '@rollup/rollup-darwin-arm64': [ '4.39.0' ],
63 silly audit   '@rollup/rollup-darwin-x64': [ '4.39.0' ],
63 silly audit   '@rollup/rollup-freebsd-arm64': [ '4.39.0' ],
63 silly audit   '@rollup/rollup-freebsd-x64': [ '4.39.0' ],
63 silly audit   '@rollup/rollup-linux-arm-gnueabihf': [ '4.39.0' ],
63 silly audit   '@rollup/rollup-linux-arm-musleabihf': [ '4.39.0' ],
63 silly audit   '@rollup/rollup-linux-arm64-gnu': [ '4.39.0' ],
63 silly audit   '@rollup/rollup-linux-arm64-musl': [ '4.39.0' ],
63 silly audit   '@rollup/rollup-linux-loongarch64-gnu': [ '4.39.0' ],
63 silly audit   '@rollup/rollup-linux-powerpc64le-gnu': [ '4.39.0' ],
63 silly audit   '@rollup/rollup-linux-riscv64-gnu': [ '4.39.0' ],
63 silly audit   '@rollup/rollup-linux-riscv64-musl': [ '4.39.0' ],
63 silly audit   '@rollup/rollup-linux-s390x-gnu': [ '4.39.0' ],
63 silly audit   '@rollup/rollup-linux-x64-gnu': [ '4.39.0' ],
63 silly audit   '@rollup/rollup-linux-x64-musl': [ '4.39.0' ],
63 silly audit   '@rollup/rollup-win32-arm64-msvc': [ '4.39.0' ],
63 silly audit   '@rollup/rollup-win32-ia32-msvc': [ '4.39.0' ],
63 silly audit   '@rollup/rollup-win32-x64-msvc': [ '4.39.0' ],
63 silly audit   '@sveltejs/acorn-typescript': [ '1.0.5' ],
63 silly audit   '@sveltejs/adapter-auto': [ '3.3.1' ],
63 silly audit   '@sveltejs/adapter-cloudflare': [ '4.9.0' ],
63 silly audit   '@sveltejs/kit': [ '2.20.3' ],
63 silly audit   '@sveltejs/vite-plugin-svelte': [ '4.0.4' ],
63 silly audit   '@sveltejs/vite-plugin-svelte-inspector': [ '3.0.1' ],
63 silly audit   '@tailwindcss/typography': [ '0.5.16' ],
63 silly audit   '@tiptap/core': [ '2.11.7' ],
63 silly audit   '@tiptap/extension-blockquote': [ '2.11.7' ],
63 silly audit   '@tiptap/extension-bold': [ '2.11.7' ],
63 silly audit   '@tiptap/extension-bullet-list': [ '2.11.7' ],
63 silly audit   '@tiptap/extension-code': [ '2.11.7' ],
63 silly audit   '@tiptap/extension-code-block': [ '2.11.7' ],
63 silly audit   '@tiptap/extension-document': [ '2.11.7' ],
63 silly audit   '@tiptap/extension-dropcursor': [ '2.11.7' ],
63 silly audit   '@tiptap/extension-gapcursor': [ '2.11.7' ],
63 silly audit   '@tiptap/extension-hard-break': [ '2.11.7' ],
63 silly audit   '@tiptap/extension-heading': [ '2.11.7' ],
63 silly audit   '@tiptap/extension-history': [ '2.11.7' ],
63 silly audit   '@tiptap/extension-horizontal-rule': [ '2.11.7' ],
63 silly audit   '@tiptap/extension-image': [ '2.11.7' ],
63 silly audit   '@tiptap/extension-italic': [ '2.11.7' ],
63 silly audit   '@tiptap/extension-link': [ '2.11.9' ],
63 silly audit   '@tiptap/extension-list-item': [ '2.11.7' ],
63 silly audit   '@tiptap/extension-ordered-list': [ '2.11.7' ],
63 silly audit   '@tiptap/extension-paragraph': [ '2.11.7' ],
63 silly audit   '@tiptap/extension-strike': [ '2.11.7' ],
63 silly audit   '@tiptap/extension-text': [ '2.11.7' ],
63 silly audit   '@tiptap/extension-text-style': [ '2.11.7' ],
63 silly audit   '@tiptap/pm': [ '2.11.7' ],
63 silly audit   '@tiptap/starter-kit': [ '2.11.7' ],
63 silly audit   '@tootallnate/once': [ '2.0.0' ],
63 silly audit   '@types/body-parser': [ '1.19.5' ],
63 silly audit   '@types/caseless': [ '0.12.5' ],
63 silly audit   '@types/connect': [ '3.4.38' ],
63 silly audit   '@types/cookie': [ '0.6.0' ],
63 silly audit   '@types/estree': [ '1.0.7' ],
63 silly audit   '@types/express': [ '4.17.21' ],
63 silly audit   '@types/express-serve-static-core': [ '4.19.6' ],
63 silly audit   '@types/http-errors': [ '2.0.4' ],
63 silly audit   '@types/jsonwebtoken': [ '9.0.9' ],
63 silly audit   '@types/linkify-it': [ '5.0.0' ],
63 silly audit   '@types/long': [ '4.0.2' ],
63 silly audit   '@types/markdown-it': [ '14.1.2' ],
63 silly audit   '@types/mdurl': [ '2.0.0' ],
63 silly audit   '@types/mime': [ '1.3.5' ],
63 silly audit   '@types/ms': [ '2.1.0' ],
63 silly audit   '@types/node': [ '22.14.0' ],
63 silly audit   '@types/qs': [ '6.9.18' ],
63 silly audit   '@types/range-parser': [ '1.2.7' ],
63 silly audit   '@types/request': [ '2.48.12' ],
63 silly audit   '@types/send': [ '0.17.4' ],
63 silly audit   '@types/serve-static': [ '1.15.7' ],
63 silly audit   '@types/tough-cookie': [ '4.0.5' ],
63 silly audit   'abort-controller': [ '3.0.0' ],
63 silly audit   acorn: [ '8.14.1', '8.14.0' ],
63 silly audit   'acorn-walk': [ '8.3.2' ],
63 silly audit   'agent-base': [ '7.1.3', '6.0.2' ],
63 silly audit   'ansi-regex': [ '6.1.0', '5.0.1' ],
63 silly audit   'ansi-styles': [ '6.2.1', '4.3.0' ],
63 silly audit   'any-promise': [ '1.3.0' ],
63 silly audit   anymatch: [ '3.1.3' ],
63 silly audit   arg: [ '5.0.2' ],
63 silly audit   argparse: [ '2.0.1' ],
63 silly audit   'aria-query': [ '5.3.2' ],
63 silly audit   arrify: [ '2.0.1' ],
63 silly audit   'as-table': [ '1.0.55' ],
63 silly audit   'async-retry': [ '1.3.3' ],
63 silly audit   asynckit: [ '0.4.0' ],
63 silly audit   autoprefixer: [ '10.4.21' ],
63 silly audit   'axobject-query': [ '4.1.0' ],
63 silly audit   'balanced-match': [ '1.0.2' ],
63 silly audit   'base64-js': [ '1.5.1' ],
63 silly audit   'bignumber.js': [ '9.1.2' ],
63 silly audit   'binary-extensions': [ '2.3.0' ],
63 silly audit   'blake3-wasm': [ '2.1.5' ],
63 silly audit   'brace-expansion': [ '2.0.1' ],
63 silly audit   braces: [ '3.0.3' ],
63 silly audit   browserslist: [ '4.24.4' ],
63 silly audit   'buffer-equal-constant-time': [ '1.0.1' ],
63 silly audit   'call-bind-apply-helpers': [ '1.0.2' ],
63 silly audit   'camelcase-css': [ '2.0.1' ],
63 silly audit   'caniuse-lite': [ '1.0.30001707' ],
63 silly audit   chokidar: [ '3.6.0' ],
63 silly audit   'glob-parent': [ '5.1.2', '6.0.2' ],
63 silly audit   cliui: [ '8.0.1' ],
63 silly audit   'emoji-regex': [ '8.0.0', '9.2.2' ],
63 silly audit   'string-width': [ '4.2.3', '5.1.2' ],
63 silly audit   'strip-ansi': [ '6.0.1', '7.1.0' ],
63 silly audit   'wrap-ansi': [ '7.0.0', '8.1.0' ],
63 silly audit   clsx: [ '2.1.1' ],
63 silly audit   color: [ '4.2.3' ],
63 silly audit   'color-convert': [ '2.0.1' ],
63 silly audit   'color-name': [ '1.1.4' ],
63 silly audit   'color-string': [ '1.9.1' ],
63 silly audit   'combined-stream': [ '1.0.8' ],
63 silly audit   commander: [ '4.1.1' ],
63 silly audit   cookie: [ '0.6.0', '0.5.0' ],
63 silly audit   crelt: [ '1.0.6' ],
63 silly audit   'cross-spawn': [ '7.0.6' ],
63 silly audit   'css-selector-tokenizer': [ '0.8.0' ],
63 silly audit   cssesc: [ '3.0.0' ],
63 silly audit   culori: [ '3.3.0' ],
63 silly audit   daisyui: [ '4.12.24' ],
63 silly audit   'data-uri-to-buffer': [ '2.0.2' ],
63 silly audit   debug: [ '4.4.0' ],
63 silly audit   deepmerge: [ '4.3.1' ],
63 silly audit   defu: [ '6.1.4' ],
63 silly audit   'delayed-stream': [ '1.0.0' ],
63 silly audit   'detect-libc': [ '2.0.3' ],
63 silly audit   devalue: [ '5.1.1' ],
63 silly audit   didyoumean: [ '1.2.2' ],
63 silly audit   dlv: [ '1.1.3' ],
63 silly audit   'dunder-proto': [ '1.0.1' ],
63 silly audit   duplexify: [ '4.1.3' ],
63 silly audit   eastasianwidth: [ '0.2.0' ],
63 silly audit   'ecdsa-sig-formatter': [ '1.0.11' ],
63 silly audit   'electron-to-chromium': [ '1.5.129' ],
63 silly audit   'end-of-stream': [ '1.4.4' ],
63 silly audit   entities: [ '4.5.0' ],
63 silly audit   'es-define-property': [ '1.0.1' ],
63 silly audit   'es-errors': [ '1.3.0' ],
63 silly audit   'es-object-atoms': [ '1.1.1' ],
63 silly audit   'es-set-tostringtag': [ '2.1.0' ],
63 silly audit   esbuild: [ '0.24.2', '0.21.5', '0.17.19' ],
63 silly audit   escalade: [ '3.2.0' ],
63 silly audit   'escape-string-regexp': [ '4.0.0' ],
63 silly audit   'esm-env': [ '1.2.2' ],
63 silly audit   esrap: [ '1.4.6' ],
63 silly audit   'estree-walker': [ '0.6.1' ],
63 silly audit   'event-target-shim': [ '5.0.1' ],
63 silly audit   'exit-hook': [ '2.2.1' ],
63 silly audit   exsolve: [ '1.0.4' ],
63 silly audit   extend: [ '3.0.2' ],
63 silly audit   'farmhash-modern': [ '1.1.0' ],
63 silly audit   'fast-deep-equal': [ '3.1.3' ],
63 silly audit   'fast-glob': [ '3.3.3' ],
63 silly audit   'fast-xml-parser': [ '4.5.3' ],
63 silly audit   fastparse: [ '1.1.2' ],
63 silly audit   fastq: [ '1.19.1' ],
63 silly audit   'faye-websocket': [ '0.11.4' ],
63 silly audit   'fill-range': [ '7.1.1' ],
63 silly audit   firebase: [ '11.6.0' ],
63 silly audit   'firebase-admin': [ '13.3.0' ],
63 silly audit   'foreground-child': [ '3.3.1' ],
63 silly audit   'form-data': [ '2.5.3' ],
63 silly audit   'fraction.js': [ '4.3.7' ],
63 silly audit   fsevents: [ '2.3.3' ],
63 silly audit   'function-bind': [ '1.1.2' ],
63 silly audit   'functional-red-black-tree': [ '1.0.1' ],
63 silly audit   gaxios: [ '6.7.1' ],
63 silly audit   'gcp-metadata': [ '6.1.1' ],
63 silly audit   'get-caller-file': [ '2.0.5' ],
63 silly audit   'get-intrinsic': [ '1.3.0' ],
63 silly audit   'get-proto': [ '1.0.1' ],
63 silly audit   'get-source': [ '2.0.12' ],
63 silly audit   glob: [ '10.4.5' ],
63 silly audit   'glob-to-regexp': [ '0.4.1' ],
63 silly audit   'google-auth-library': [ '9.15.1' ],
63 silly audit   'google-gax': [ '4.4.1' ],
63 silly audit   'google-logging-utils': [ '0.0.2' ],
63 silly audit   gopd: [ '1.2.0' ],
63 silly audit   gtoken: [ '7.1.0' ],
63 silly audit   'has-symbols': [ '1.1.0' ],
63 silly audit   'has-tostringtag': [ '1.0.2' ],
63 silly audit   hasown: [ '2.0.2' ],
63 silly audit   'html-entities': [ '2.6.0' ],
63 silly audit   'http-parser-js': [ '0.5.9' ],
63 silly audit   'http-proxy-agent': [ '5.0.0' ],
63 silly audit   'https-proxy-agent': [ '7.0.6', '5.0.1' ],
63 silly audit   idb: [ '7.1.1' ],
63 silly audit   'import-meta-resolve': [ '4.1.0' ],
63 silly audit   inherits: [ '2.0.4' ],
63 silly audit   'is-arrayish': [ '0.3.2' ],
63 silly audit   'is-binary-path': [ '2.1.0' ],
63 silly audit   'is-core-module': [ '2.16.1' ],
63 silly audit   'is-extglob': [ '2.1.1' ],
63 silly audit   'is-fullwidth-code-point': [ '3.0.0' ],
63 silly audit   'is-glob': [ '4.0.3' ],
63 silly audit   'is-number': [ '7.0.0' ],
63 silly audit   'is-reference': [ '3.0.3' ],
63 silly audit   'is-stream': [ '2.0.1' ],
63 silly audit   isexe: [ '2.0.0' ],
63 silly audit   jackspeak: [ '3.4.3' ],
63 silly audit   jiti: [ '1.21.7' ],
63 silly audit   jose: [ '4.15.9' ],
63 silly audit   'json-bigint': [ '1.0.0' ],
63 silly audit   jsonwebtoken: [ '9.0.2' ],
63 silly audit   jwa: [ '1.4.1', '2.0.0' ],
63 silly audit   jws: [ '3.2.2', '4.0.0' ],
63 silly audit   'jwks-rsa': [ '3.2.0' ],
63 silly audit   kleur: [ '4.1.5' ],
63 silly audit   lilconfig: [ '3.1.3' ],
63 silly audit   limiter: [ '1.1.5' ],
63 silly audit   'lines-and-columns': [ '1.2.4' ],
63 silly audit   'linkify-it': [ '5.0.0' ],
63 silly audit   linkifyjs: [ '4.2.0' ],
63 silly audit   'locate-character': [ '3.0.0' ],
63 silly audit   'lodash.camelcase': [ '4.3.0' ],
63 silly audit   'lodash.castarray': [ '4.4.0' ],
63 silly audit   'lodash.clonedeep': [ '4.5.0' ],
63 silly audit   'lodash.includes': [ '4.3.0' ],
63 silly audit   'lodash.isboolean': [ '3.0.3' ],
63 silly audit   'lodash.isinteger': [ '4.0.4' ],
63 silly audit   'lodash.isnumber': [ '3.0.3' ],
63 silly audit   'lodash.isplainobject': [ '4.0.6' ],
63 silly audit   'lodash.isstring': [ '4.0.1' ],
63 silly audit   'lodash.merge': [ '4.6.2' ],
63 silly audit   'lodash.once': [ '4.1.1' ],
63 silly audit   long: [ '5.3.1' ],
63 silly audit   'lru-cache': [ '10.4.3', '6.0.0' ],
63 silly audit   'lru-memoizer': [ '2.3.0' ],
63 silly audit   'magic-string': [ '0.30.17', '0.25.9' ],
63 silly audit   'markdown-it': [ '14.1.0' ],
63 silly audit   'math-intrinsics': [ '1.1.0' ],
63 silly audit   mdurl: [ '2.0.0' ],
63 silly audit   merge2: [ '1.4.1' ],
63 silly audit   micromatch: [ '4.0.8' ],
63 silly audit   mime: [ '3.0.0' ],
63 silly audit   'mime-db': [ '1.52.0' ],
63 silly audit   'mime-types': [ '2.1.35' ],
63 silly audit   miniflare: [ '3.20250310.1' ],
63 silly audit   minimatch: [ '9.0.5' ],
63 silly audit   minipass: [ '7.1.2' ],
63 silly audit   mri: [ '1.2.0' ],
63 silly audit   mrmime: [ '2.0.1' ],
63 silly audit   ms: [ '2.1.3' ],
63 silly audit   mustache: [ '4.2.0' ],
63 silly audit   mz: [ '2.7.0' ],
63 silly audit   nanoid: [ '3.3.11' ],
63 silly audit   'node-fetch': [ '2.7.0' ],
63 silly audit   'node-forge': [ '1.3.1' ],
63 silly audit   'node-releases': [ '2.0.19' ],
63 silly audit   'normalize-path': [ '3.0.0' ],
63 silly audit   'normalize-range': [ '0.1.2' ],
63 silly audit   'object-assign': [ '4.1.1' ],
63 silly audit   'object-hash': [ '3.0.0' ],
63 silly audit   ohash: [ '2.0.11' ],
63 silly audit   once: [ '1.4.0' ],
63 silly audit   orderedmap: [ '2.1.1' ],
63 silly audit   'p-limit': [ '3.1.0' ],
63 silly audit   'package-json-from-dist': [ '1.0.1' ],
63 silly audit   'path-key': [ '3.1.1' ],
63 silly audit   'path-parse': [ '1.0.7' ],
63 silly audit   'path-scurry': [ '1.11.1' ],
63 silly audit   'path-to-regexp': [ '6.3.0' ],
63 silly audit   pathe: [ '2.0.3' ],
63 silly audit   picocolors: [ '1.1.1' ],
63 silly audit   picomatch: [ '2.3.1' ],
63 silly audit   pify: [ '2.3.0' ],
63 silly audit   pirates: [ '4.0.7' ],
63 silly audit   postcss: [ '8.5.3' ],
63 silly audit   'postcss-import': [ '15.1.0' ],
63 silly audit   'postcss-js': [ '4.0.1' ],
63 silly audit   'postcss-load-config': [ '4.0.2' ],
63 silly audit   'postcss-nested': [ '6.2.0' ],
63 silly audit   'postcss-selector-parser': [ '6.1.2', '6.0.10' ],
63 silly audit   'postcss-value-parser': [ '4.2.0' ],
63 silly audit   prettier: [ '3.2.5' ],
63 silly audit   'printable-characters': [ '1.0.42' ],
63 silly audit   'prosemirror-changeset': [ '2.2.1' ],
63 silly audit   'prosemirror-collab': [ '1.3.1' ],
63 silly audit   'prosemirror-commands': [ '1.7.0' ],
63 silly audit   'prosemirror-dropcursor': [ '1.8.1' ],
63 silly audit   'prosemirror-gapcursor': [ '1.3.2' ],
63 silly audit   'prosemirror-history': [ '1.4.1' ],
63 silly audit   'prosemirror-inputrules': [ '1.5.0' ],
63 silly audit   'prosemirror-keymap': [ '1.2.2' ],
63 silly audit   'prosemirror-markdown': [ '1.13.2' ],
63 silly audit   'prosemirror-menu': [ '1.2.4' ],
63 silly audit   'prosemirror-model': [ '1.25.0' ],
63 silly audit   'prosemirror-schema-basic': [ '1.2.4' ],
63 silly audit   'prosemirror-schema-list': [ '1.5.1' ],
63 silly audit   'prosemirror-state': [ '1.4.3' ],
63 silly audit   'prosemirror-tables': [ '1.6.4' ],
63 silly audit   'prosemirror-trailing-node': [ '3.0.0' ],
63 silly audit   'prosemirror-transform': [ '1.10.3' ],
63 silly audit   'prosemirror-view': [ '1.38.1' ],
63 silly audit   'proto3-json-serializer': [ '2.0.2' ],
63 silly audit   protobufjs: [ '7.4.0' ],
63 silly audit   'punycode.js': [ '2.3.1' ],
63 silly audit   'queue-microtask': [ '1.2.3' ],
63 silly audit   'read-cache': [ '1.0.0' ],
63 silly audit   'readable-stream': [ '3.6.2' ],
63 silly audit   readdirp: [ '3.6.0' ],
63 silly audit   regexparam: [ '3.0.0' ],
63 silly audit   'require-directory': [ '2.1.1' ],
63 silly audit   resolve: [ '1.22.10' ],
63 silly audit   retry: [ '0.13.1' ],
63 silly audit   'retry-request': [ '7.0.2' ],
63 silly audit   reusify: [ '1.1.0' ],
63 silly audit   rollup: [ '4.39.0' ],
63 silly audit   'rollup-plugin-inject': [ '3.0.2' ],
63 silly audit   'rollup-plugin-node-polyfills': [ '0.2.1' ],
63 silly audit   'rollup-pluginutils': [ '2.8.2' ],
63 silly audit   'rope-sequence': [ '1.3.4' ],
63 silly audit   'run-parallel': [ '1.2.0' ],
63 silly audit   sade: [ '1.8.1' ],
63 silly audit   'safe-buffer': [ '5.2.1' ],
63 silly audit   semver: [ '7.7.1' ],
63 silly audit   'set-cookie-parser': [ '2.7.1' ],
63 silly audit   sharp: [ '0.33.5' ],
63 silly audit   'shebang-command': [ '2.0.0' ],
63 silly audit   'shebang-regex': [ '3.0.0' ],
63 silly audit   'signal-exit': [ '4.1.0' ],
63 silly audit   'simple-swizzle': [ '0.2.2' ],
63 silly audit   sirv: [ '3.0.1' ],
63 silly audit   'source-map': [ '0.6.1' ],
63 silly audit   'source-map-js': [ '1.2.1' ],
63 silly audit   'sourcemap-codec': [ '1.4.8' ],
63 silly audit   stacktracey: [ '2.1.8' ],
63 silly audit   stoppable: [ '1.1.0' ],
63 silly audit   'stream-events': [ '1.0.5' ],
63 silly audit   'stream-shift': [ '1.0.3' ],
63 silly audit   string_decoder: [ '1.3.0' ],
63 silly audit   strnum: [ '1.1.2' ],
63 silly audit   stubs: [ '3.0.0' ],
63 silly audit   sucrase: [ '3.35.0' ],
63 silly audit   'supports-preserve-symlinks-flag': [ '1.0.0' ],
63 silly audit   svelte: [ '5.25.6' ],
63 silly audit   tailwindcss: [ '3.4.17' ],
63 silly audit   'teeny-request': [ '9.0.0' ],
63 silly audit   thenify: [ '3.3.1' ],
63 silly audit   'thenify-all': [ '1.6.0' ],
63 silly audit   'to-regex-range': [ '5.0.1' ],
63 silly audit   totalist: [ '3.0.1' ],
63 silly audit   tr46: [ '0.0.3' ],
63 silly audit   'ts-interface-checker': [ '0.1.13' ],
63 silly audit   tslib: [ '2.8.1' ],
63 silly audit   'uc.micro': [ '2.1.0' ],
63 silly audit   ufo: [ '1.5.4' ],
63 silly audit   undici: [ '5.29.0' ],
63 silly audit   'undici-types': [ '6.21.0' ],
63 silly audit   unenv: [ '2.0.0-rc.14' ],
63 silly audit   'update-browserslist-db': [ '1.1.3' ],
63 silly audit   'util-deprecate': [ '1.0.2' ],
63 silly audit   vite: [ '5.4.16' ],
63 silly audit   vitefu: [ '1.0.6' ],
63 silly audit   'w3c-keyname': [ '2.2.8' ],
63 silly audit   'web-vitals': [ '4.2.4' ],
63 silly audit   'webidl-conversions': [ '3.0.1' ],
63 silly audit   'websocket-driver': [ '0.7.4' ],
63 silly audit   'websocket-extensions': [ '0.1.4' ],
63 silly audit   'whatwg-url': [ '5.0.0' ],
63 silly audit   which: [ '2.0.2' ],
63 silly audit   workerd: [ '1.20250310.0' ],
63 silly audit   worktop: [ '0.8.0-next.18' ],
63 silly audit   wrangler: [ '3.114.3' ],
63 silly audit   wrappy: [ '1.0.2' ],
63 silly audit   ws: [ '8.18.0' ],
63 silly audit   y18n: [ '5.0.8' ],
63 silly audit   yallist: [ '4.0.0' ],
63 silly audit   yaml: [ '2.7.1' ],
63 silly audit   yargs: [ '17.7.2' ],
63 silly audit   'yargs-parser': [ '21.1.1' ],
63 silly audit   'yocto-queue': [ '0.1.0' ],
63 silly audit   youch: [ '3.2.3' ],
63 silly audit   zimmerframe: [ '1.1.2' ],
63 silly audit   zod: [ '3.22.3' ],
63 silly audit   stripe: [ '20.2.0' ],
63 silly audit   qs: [ '6.14.1' ],
63 silly audit   'side-channel': [ '1.1.0' ],
63 silly audit   'object-inspect': [ '1.13.4' ],
63 silly audit   'side-channel-list': [ '1.0.0' ],
63 silly audit   'side-channel-map': [ '1.0.1' ],
63 silly audit   'side-channel-weakmap': [ '1.0.2' ],
63 silly audit   'call-bound': [ '1.0.4' ]
63 silly audit }
64 verbose reify failed optional dependency /Users/petemcpherson/Coding Projects/pete-mcpherson/node_modules/@rollup/rollup-win32-x64-msvc
65 silly reify mark deleted [
65 silly reify   '/Users/petemcpherson/Coding Projects/pete-mcpherson/node_modules/@rollup/rollup-win32-x64-msvc'
65 silly reify ]
66 verbose reify failed optional dependency /Users/petemcpherson/Coding Projects/pete-mcpherson/node_modules/@rollup/rollup-win32-ia32-msvc
67 silly reify mark deleted [
67 silly reify   '/Users/petemcpherson/Coding Projects/pete-mcpherson/node_modules/@rollup/rollup-win32-ia32-msvc'
67 silly reify ]
68 verbose reify failed optional dependency /Users/petemcpherson/Coding Projects/pete-mcpherson/node_modules/@rollup/rollup-win32-arm64-msvc
69 silly reify mark deleted [
69 silly reify   '/Users/petemcpherson/Coding Projects/pete-mcpherson/node_modules/@rollup/rollup-win32-arm64-msvc'
69 silly reify ]
70 verbose reify failed optional dependency /Users/petemcpherson/Coding Projects/pete-mcpherson/node_modules/@rollup/rollup-linux-x64-musl
71 silly reify mark deleted [
71 silly reify   '/Users/petemcpherson/Coding Projects/pete-mcpherson/node_modules/@rollup/rollup-linux-x64-musl'
71 silly reify ]
72 verbose reify failed optional dependency /Users/petemcpherson/Coding Projects/pete-mcpherson/node_modules/@rollup/rollup-linux-x64-gnu
73 silly reify mark deleted [
73 silly reify   '/Users/petemcpherson/Coding Projects/pete-mcpherson/node_modules/@rollup/rollup-linux-x64-gnu'
73 silly reify ]
74 verbose reify failed optional dependency /Users/petemcpherson/Coding Projects/pete-mcpherson/node_modules/@rollup/rollup-linux-s390x-gnu
75 silly reify mark deleted [
75 silly reify   '/Users/petemcpherson/Coding Projects/pete-mcpherson/node_modules/@rollup/rollup-linux-s390x-gnu'
75 silly reify ]
76 verbose reify failed optional dependency /Users/petemcpherson/Coding Projects/pete-mcpherson/node_modules/@rollup/rollup-linux-riscv64-musl
77 silly reify mark deleted [
77 silly reify   '/Users/petemcpherson/Coding Projects/pete-mcpherson/node_modules/@rollup/rollup-linux-riscv64-musl'
77 silly reify ]
78 verbose reify failed optional dependency /Users/petemcpherson/Coding Projects/pete-mcpherson/node_modules/@rollup/rollup-linux-riscv64-gnu
79 silly reify mark deleted [
79 silly reify   '/Users/petemcpherson/Coding Projects/pete-mcpherson/node_modules/@rollup/rollup-linux-riscv64-gnu'
79 silly reify ]
80 verbose reify failed optional dependency /Users/petemcpherson/Coding Projects/pete-mcpherson/node_modules/@rollup/rollup-linux-powerpc64le-gnu
81 silly reify mark deleted [
81 silly reify   '/Users/petemcpherson/Coding Projects/pete-mcpherson/node_modules/@rollup/rollup-linux-powerpc64le-gnu'
81 silly reify ]
82 verbose reify failed optional dependency /Users/petemcpherson/Coding Projects/pete-mcpherson/node_modules/@rollup/rollup-linux-loongarch64-gnu
83 silly reify mark deleted [
83 silly reify   '/Users/petemcpherson/Coding Projects/pete-mcpherson/node_modules/@rollup/rollup-linux-loongarch64-gnu'
83 silly reify ]
84 verbose reify failed optional dependency /Users/petemcpherson/Coding Projects/pete-mcpherson/node_modules/@rollup/rollup-linux-arm64-musl
85 silly reify mark deleted [
85 silly reify   '/Users/petemcpherson/Coding Projects/pete-mcpherson/node_modules/@rollup/rollup-linux-arm64-musl'
85 silly reify ]
86 verbose reify failed optional dependency /Users/petemcpherson/Coding Projects/pete-mcpherson/node_modules/@rollup/rollup-linux-arm64-gnu
87 silly reify mark deleted [
87 silly reify   '/Users/petemcpherson/Coding Projects/pete-mcpherson/node_modules/@rollup/rollup-linux-arm64-gnu'
87 silly reify ]
88 verbose reify failed optional dependency /Users/petemcpherson/Coding Projects/pete-mcpherson/node_modules/@rollup/rollup-linux-arm-musleabihf
89 silly reify mark deleted [
89 silly reify   '/Users/petemcpherson/Coding Projects/pete-mcpherson/node_modules/@rollup/rollup-linux-arm-musleabihf'
89 silly reify ]
90 verbose reify failed optional dependency /Users/petemcpherson/Coding Projects/pete-mcpherson/node_modules/@rollup/rollup-linux-arm-gnueabihf
91 silly reify mark deleted [
91 silly reify   '/Users/petemcpherson/Coding Projects/pete-mcpherson/node_modules/@rollup/rollup-linux-arm-gnueabihf'
91 silly reify ]
92 verbose reify failed optional dependency /Users/petemcpherson/Coding Projects/pete-mcpherson/node_modules/@rollup/rollup-freebsd-x64
93 silly reify mark deleted [
93 silly reify   '/Users/petemcpherson/Coding Projects/pete-mcpherson/node_modules/@rollup/rollup-freebsd-x64'
93 silly reify ]
94 verbose reify failed optional dependency /Users/petemcpherson/Coding Projects/pete-mcpherson/node_modules/@rollup/rollup-freebsd-arm64
95 silly reify mark deleted [
95 silly reify   '/Users/petemcpherson/Coding Projects/pete-mcpherson/node_modules/@rollup/rollup-freebsd-arm64'
95 silly reify ]
96 verbose reify failed optional dependency /Users/petemcpherson/Coding Projects/pete-mcpherson/node_modules/@rollup/rollup-darwin-x64
97 silly reify mark deleted [
97 silly reify   '/Users/petemcpherson/Coding Projects/pete-mcpherson/node_modules/@rollup/rollup-darwin-x64'
97 silly reify ]
98 verbose reify failed optional dependency /Users/petemcpherson/Coding Projects/pete-mcpherson/node_modules/@rollup/rollup-android-arm64
99 silly reify mark deleted [
99 silly reify   '/Users/petemcpherson/Coding Projects/pete-mcpherson/node_modules/@rollup/rollup-android-arm64'
99 silly reify ]
100 verbose reify failed optional dependency /Users/petemcpherson/Coding Projects/pete-mcpherson/node_modules/@rollup/rollup-android-arm-eabi
101 silly reify mark deleted [
101 silly reify   '/Users/petemcpherson/Coding Projects/pete-mcpherson/node_modules/@rollup/rollup-android-arm-eabi'
101 silly reify ]
102 verbose reify failed optional dependency /Users/petemcpherson/Coding Projects/pete-mcpherson/node_modules/@img/sharp-win32-x64
103 silly reify mark deleted [
103 silly reify   '/Users/petemcpherson/Coding Projects/pete-mcpherson/node_modules/@img/sharp-win32-x64'
103 silly reify ]
104 verbose reify failed optional dependency /Users/petemcpherson/Coding Projects/pete-mcpherson/node_modules/@img/sharp-win32-ia32
105 silly reify mark deleted [
105 silly reify   '/Users/petemcpherson/Coding Projects/pete-mcpherson/node_modules/@img/sharp-win32-ia32'
105 silly reify ]
106 verbose reify failed optional dependency /Users/petemcpherson/Coding Projects/pete-mcpherson/node_modules/@img/sharp-wasm32
107 silly reify mark deleted [
107 silly reify   '/Users/petemcpherson/Coding Projects/pete-mcpherson/node_modules/@img/sharp-wasm32'
107 silly reify ]
108 verbose reify failed optional dependency /Users/petemcpherson/Coding Projects/pete-mcpherson/node_modules/@emnapi/runtime
109 silly reify mark deleted [
109 silly reify   '/Users/petemcpherson/Coding Projects/pete-mcpherson/node_modules/@emnapi/runtime'
109 silly reify ]
110 verbose reify failed optional dependency /Users/petemcpherson/Coding Projects/pete-mcpherson/node_modules/@img/sharp-linuxmusl-x64
111 silly reify mark deleted [
111 silly reify   '/Users/petemcpherson/Coding Projects/pete-mcpherson/node_modules/@img/sharp-linuxmusl-x64'
111 silly reify ]
112 verbose reify failed optional dependency /Users/petemcpherson/Coding Projects/pete-mcpherson/node_modules/@img/sharp-linuxmusl-arm64
113 silly reify mark deleted [
113 silly reify   '/Users/petemcpherson/Coding Projects/pete-mcpherson/node_modules/@img/sharp-linuxmusl-arm64'
113 silly reify ]
114 verbose reify failed optional dependency /Users/petemcpherson/Coding Projects/pete-mcpherson/node_modules/@img/sharp-linux-x64
115 silly reify mark deleted [
115 silly reify   '/Users/petemcpherson/Coding Projects/pete-mcpherson/node_modules/@img/sharp-linux-x64'
115 silly reify ]
116 verbose reify failed optional dependency /Users/petemcpherson/Coding Projects/pete-mcpherson/node_modules/@img/sharp-linux-s390x
117 silly reify mark deleted [
117 silly reify   '/Users/petemcpherson/Coding Projects/pete-mcpherson/node_modules/@img/sharp-linux-s390x'
117 silly reify ]
118 verbose reify failed optional dependency /Users/petemcpherson/Coding Projects/pete-mcpherson/node_modules/@img/sharp-linux-arm64
119 silly reify mark deleted [
119 silly reify   '/Users/petemcpherson/Coding Projects/pete-mcpherson/node_modules/@img/sharp-linux-arm64'
119 silly reify ]
120 verbose reify failed optional dependency /Users/petemcpherson/Coding Projects/pete-mcpherson/node_modules/@img/sharp-linux-arm
121 silly reify mark deleted [
121 silly reify   '/Users/petemcpherson/Coding Projects/pete-mcpherson/node_modules/@img/sharp-linux-arm'
121 silly reify ]
122 verbose reify failed optional dependency /Users/petemcpherson/Coding Projects/pete-mcpherson/node_modules/@img/sharp-libvips-linuxmusl-x64
123 silly reify mark deleted [
123 silly reify   '/Users/petemcpherson/Coding Projects/pete-mcpherson/node_modules/@img/sharp-libvips-linuxmusl-x64'
123 silly reify ]
124 verbose reify failed optional dependency /Users/petemcpherson/Coding Projects/pete-mcpherson/node_modules/@img/sharp-libvips-linuxmusl-arm64
125 silly reify mark deleted [
125 silly reify   '/Users/petemcpherson/Coding Projects/pete-mcpherson/node_modules/@img/sharp-libvips-linuxmusl-arm64'
125 silly reify ]
126 verbose reify failed optional dependency /Users/petemcpherson/Coding Projects/pete-mcpherson/node_modules/@img/sharp-libvips-linux-x64
127 silly reify mark deleted [
127 silly reify   '/Users/petemcpherson/Coding Projects/pete-mcpherson/node_modules/@img/sharp-libvips-linux-x64'
127 silly reify ]
128 verbose reify failed optional dependency /Users/petemcpherson/Coding Projects/pete-mcpherson/node_modules/@img/sharp-libvips-linux-s390x
129 silly reify mark deleted [
129 silly reify   '/Users/petemcpherson/Coding Projects/pete-mcpherson/node_modules/@img/sharp-libvips-linux-s390x'
129 silly reify ]
130 verbose reify failed optional dependency /Users/petemcpherson/Coding Projects/pete-mcpherson/node_modules/@img/sharp-libvips-linux-arm64
131 silly reify mark deleted [
131 silly reify   '/Users/petemcpherson/Coding Projects/pete-mcpherson/node_modules/@img/sharp-libvips-linux-arm64'
131 silly reify ]
132 verbose reify failed optional dependency /Users/petemcpherson/Coding Projects/pete-mcpherson/node_modules/@img/sharp-libvips-linux-arm
133 silly reify mark deleted [
133 silly reify   '/Users/petemcpherson/Coding Projects/pete-mcpherson/node_modules/@img/sharp-libvips-linux-arm'
133 silly reify ]
134 verbose reify failed optional dependency /Users/petemcpherson/Coding Projects/pete-mcpherson/node_modules/@img/sharp-libvips-darwin-x64
135 silly reify mark deleted [
135 silly reify   '/Users/petemcpherson/Coding Projects/pete-mcpherson/node_modules/@img/sharp-libvips-darwin-x64'
135 silly reify ]
136 verbose reify failed optional dependency /Users/petemcpherson/Coding Projects/pete-mcpherson/node_modules/@img/sharp-darwin-x64
137 silly reify mark deleted [
137 silly reify   '/Users/petemcpherson/Coding Projects/pete-mcpherson/node_modules/@img/sharp-darwin-x64'
137 silly reify ]
138 verbose reify failed optional dependency /Users/petemcpherson/Coding Projects/pete-mcpherson/node_modules/@esbuild/win32-x64
139 silly reify mark deleted [
139 silly reify   '/Users/petemcpherson/Coding Projects/pete-mcpherson/node_modules/@esbuild/win32-x64'
139 silly reify ]
140 verbose reify failed optional dependency /Users/petemcpherson/Coding Projects/pete-mcpherson/node_modules/@esbuild/win32-ia32
141 silly reify mark deleted [
141 silly reify   '/Users/petemcpherson/Coding Projects/pete-mcpherson/node_modules/@esbuild/win32-ia32'
141 silly reify ]
142 verbose reify failed optional dependency /Users/petemcpherson/Coding Projects/pete-mcpherson/node_modules/@esbuild/win32-arm64
143 silly reify mark deleted [
143 silly reify   '/Users/petemcpherson/Coding Projects/pete-mcpherson/node_modules/@esbuild/win32-arm64'
143 silly reify ]
144 verbose reify failed optional dependency /Users/petemcpherson/Coding Projects/pete-mcpherson/node_modules/@esbuild/sunos-x64
145 silly reify mark deleted [
145 silly reify   '/Users/petemcpherson/Coding Projects/pete-mcpherson/node_modules/@esbuild/sunos-x64'
145 silly reify ]
146 verbose reify failed optional dependency /Users/petemcpherson/Coding Projects/pete-mcpherson/node_modules/@esbuild/openbsd-x64
147 silly reify mark deleted [
147 silly reify   '/Users/petemcpherson/Coding Projects/pete-mcpherson/node_modules/@esbuild/openbsd-x64'
147 silly reify ]
148 verbose reify failed optional dependency /Users/petemcpherson/Coding Projects/pete-mcpherson/node_modules/@esbuild/openbsd-arm64
149 silly reify mark deleted [
149 silly reify   '/Users/petemcpherson/Coding Projects/pete-mcpherson/node_modules/@esbuild/openbsd-arm64'
149 silly reify ]
150 verbose reify failed optional dependency /Users/petemcpherson/Coding Projects/pete-mcpherson/node_modules/@esbuild/netbsd-x64
151 silly reify mark deleted [
151 silly reify   '/Users/petemcpherson/Coding Projects/pete-mcpherson/node_modules/@esbuild/netbsd-x64'
151 silly reify ]
152 verbose reify failed optional dependency /Users/petemcpherson/Coding Projects/pete-mcpherson/node_modules/@esbuild/netbsd-arm64
153 silly reify mark deleted [
153 silly reify   '/Users/petemcpherson/Coding Projects/pete-mcpherson/node_modules/@esbuild/netbsd-arm64'
153 silly reify ]
154 verbose reify failed optional dependency /Users/petemcpherson/Coding Projects/pete-mcpherson/node_modules/@esbuild/linux-x64
155 silly reify mark deleted [
155 silly reify   '/Users/petemcpherson/Coding Projects/pete-mcpherson/node_modules/@esbuild/linux-x64'
155 silly reify ]
156 verbose reify failed optional dependency /Users/petemcpherson/Coding Projects/pete-mcpherson/node_modules/@esbuild/linux-s390x
157 silly reify mark deleted [
157 silly reify   '/Users/petemcpherson/Coding Projects/pete-mcpherson/node_modules/@esbuild/linux-s390x'
157 silly reify ]
158 verbose reify failed optional dependency /Users/petemcpherson/Coding Projects/pete-mcpherson/node_modules/@esbuild/linux-riscv64
159 silly reify mark deleted [
159 silly reify   '/Users/petemcpherson/Coding Projects/pete-mcpherson/node_modules/@esbuild/linux-riscv64'
159 silly reify ]
160 verbose reify failed optional dependency /Users/petemcpherson/Coding Projects/pete-mcpherson/node_modules/@esbuild/linux-ppc64
161 silly reify mark deleted [
161 silly reify   '/Users/petemcpherson/Coding Projects/pete-mcpherson/node_modules/@esbuild/linux-ppc64'
161 silly reify ]
162 verbose reify failed optional dependency /Users/petemcpherson/Coding Projects/pete-mcpherson/node_modules/@esbuild/linux-mips64el
163 silly reify mark deleted [
163 silly reify   '/Users/petemcpherson/Coding Projects/pete-mcpherson/node_modules/@esbuild/linux-mips64el'
163 silly reify ]
164 verbose reify failed optional dependency /Users/petemcpherson/Coding Projects/pete-mcpherson/node_modules/@esbuild/linux-loong64
165 silly reify mark deleted [
165 silly reify   '/Users/petemcpherson/Coding Projects/pete-mcpherson/node_modules/@esbuild/linux-loong64'
165 silly reify ]
166 verbose reify failed optional dependency /Users/petemcpherson/Coding Projects/pete-mcpherson/node_modules/@esbuild/linux-ia32
167 silly reify mark deleted [
167 silly reify   '/Users/petemcpherson/Coding Projects/pete-mcpherson/node_modules/@esbuild/linux-ia32'
167 silly reify ]
168 verbose reify failed optional dependency /Users/petemcpherson/Coding Projects/pete-mcpherson/node_modules/@esbuild/linux-arm64
169 silly reify mark deleted [
169 silly reify   '/Users/petemcpherson/Coding Projects/pete-mcpherson/node_modules/@esbuild/linux-arm64'
169 silly reify ]
170 verbose reify failed optional dependency /Users/petemcpherson/Coding Projects/pete-mcpherson/node_modules/@esbuild/linux-arm
171 silly reify mark deleted [
171 silly reify   '/Users/petemcpherson/Coding Projects/pete-mcpherson/node_modules/@esbuild/linux-arm'
171 silly reify ]
172 verbose reify failed optional dependency /Users/petemcpherson/Coding Projects/pete-mcpherson/node_modules/@esbuild/freebsd-x64
173 silly reify mark deleted [
173 silly reify   '/Users/petemcpherson/Coding Projects/pete-mcpherson/node_modules/@esbuild/freebsd-x64'
173 silly reify ]
174 verbose reify failed optional dependency /Users/petemcpherson/Coding Projects/pete-mcpherson/node_modules/@esbuild/freebsd-arm64
175 silly reify mark deleted [
175 silly reify   '/Users/petemcpherson/Coding Projects/pete-mcpherson/node_modules/@esbuild/freebsd-arm64'
175 silly reify ]
176 verbose reify failed optional dependency /Users/petemcpherson/Coding Projects/pete-mcpherson/node_modules/@esbuild/darwin-x64
177 silly reify mark deleted [
177 silly reify   '/Users/petemcpherson/Coding Projects/pete-mcpherson/node_modules/@esbuild/darwin-x64'
177 silly reify ]
178 verbose reify failed optional dependency /Users/petemcpherson/Coding Projects/pete-mcpherson/node_modules/@esbuild/android-x64
179 silly reify mark deleted [
179 silly reify   '/Users/petemcpherson/Coding Projects/pete-mcpherson/node_modules/@esbuild/android-x64'
179 silly reify ]
180 verbose reify failed optional dependency /Users/petemcpherson/Coding Projects/pete-mcpherson/node_modules/@esbuild/android-arm64
181 silly reify mark deleted [
181 silly reify   '/Users/petemcpherson/Coding Projects/pete-mcpherson/node_modules/@esbuild/android-arm64'
181 silly reify ]
182 verbose reify failed optional dependency /Users/petemcpherson/Coding Projects/pete-mcpherson/node_modules/@esbuild/android-arm
183 silly reify mark deleted [
183 silly reify   '/Users/petemcpherson/Coding Projects/pete-mcpherson/node_modules/@esbuild/android-arm'
183 silly reify ]
184 verbose reify failed optional dependency /Users/petemcpherson/Coding Projects/pete-mcpherson/node_modules/@esbuild/aix-ppc64
185 silly reify mark deleted [
185 silly reify   '/Users/petemcpherson/Coding Projects/pete-mcpherson/node_modules/@esbuild/aix-ppc64'
185 silly reify ]
186 verbose reify failed optional dependency /Users/petemcpherson/Coding Projects/pete-mcpherson/node_modules/@cloudflare/workerd-windows-64
187 silly reify mark deleted [
187 silly reify   '/Users/petemcpherson/Coding Projects/pete-mcpherson/node_modules/@cloudflare/workerd-windows-64'
187 silly reify ]
188 verbose reify failed optional dependency /Users/petemcpherson/Coding Projects/pete-mcpherson/node_modules/@cloudflare/workerd-linux-arm64
189 silly reify mark deleted [
189 silly reify   '/Users/petemcpherson/Coding Projects/pete-mcpherson/node_modules/@cloudflare/workerd-linux-arm64'
189 silly reify ]
190 verbose reify failed optional dependency /Users/petemcpherson/Coding Projects/pete-mcpherson/node_modules/@cloudflare/workerd-linux-64
191 silly reify mark deleted [
191 silly reify   '/Users/petemcpherson/Coding Projects/pete-mcpherson/node_modules/@cloudflare/workerd-linux-64'
191 silly reify ]
192 verbose reify failed optional dependency /Users/petemcpherson/Coding Projects/pete-mcpherson/node_modules/@cloudflare/workerd-darwin-64
193 silly reify mark deleted [
193 silly reify   '/Users/petemcpherson/Coding Projects/pete-mcpherson/node_modules/@cloudflare/workerd-darwin-64'
193 silly reify ]
194 verbose reify failed optional dependency /Users/petemcpherson/Coding Projects/pete-mcpherson/node_modules/wrangler/node_modules/@esbuild/win32-x64
195 silly reify mark deleted [
195 silly reify   '/Users/petemcpherson/Coding Projects/pete-mcpherson/node_modules/wrangler/node_modules/@esbuild/win32-x64'
195 silly reify ]
196 verbose reify failed optional dependency /Users/petemcpherson/Coding Projects/pete-mcpherson/node_modules/wrangler/node_modules/@esbuild/win32-ia32
197 silly reify mark deleted [
197 silly reify   '/Users/petemcpherson/Coding Projects/pete-mcpherson/node_modules/wrangler/node_modules/@esbuild/win32-ia32'
197 silly reify ]
198 verbose reify failed optional dependency /Users/petemcpherson/Coding Projects/pete-mcpherson/node_modules/wrangler/node_modules/@esbuild/win32-arm64
199 silly reify mark deleted [
199 silly reify   '/Users/petemcpherson/Coding Projects/pete-mcpherson/node_modules/wrangler/node_modules/@esbuild/win32-arm64'
199 silly reify ]
200 verbose reify failed optional dependency /Users/petemcpherson/Coding Projects/pete-mcpherson/node_modules/wrangler/node_modules/@esbuild/sunos-x64
201 silly reify mark deleted [
201 silly reify   '/Users/petemcpherson/Coding Projects/pete-mcpherson/node_modules/wrangler/node_modules/@esbuild/sunos-x64'
201 silly reify ]
202 verbose reify failed optional dependency /Users/petemcpherson/Coding Projects/pete-mcpherson/node_modules/wrangler/node_modules/@esbuild/openbsd-x64
203 silly reify mark deleted [
203 silly reify   '/Users/petemcpherson/Coding Projects/pete-mcpherson/node_modules/wrangler/node_modules/@esbuild/openbsd-x64'
203 silly reify ]
204 verbose reify failed optional dependency /Users/petemcpherson/Coding Projects/pete-mcpherson/node_modules/wrangler/node_modules/@esbuild/netbsd-x64
205 silly reify mark deleted [
205 silly reify   '/Users/petemcpherson/Coding Projects/pete-mcpherson/node_modules/wrangler/node_modules/@esbuild/netbsd-x64'
205 silly reify ]
206 verbose reify failed optional dependency /Users/petemcpherson/Coding Projects/pete-mcpherson/node_modules/wrangler/node_modules/@esbuild/linux-x64
207 silly reify mark deleted [
207 silly reify   '/Users/petemcpherson/Coding Projects/pete-mcpherson/node_modules/wrangler/node_modules/@esbuild/linux-x64'
207 silly reify ]
208 verbose reify failed optional dependency /Users/petemcpherson/Coding Projects/pete-mcpherson/node_modules/wrangler/node_modules/@esbuild/linux-s390x
209 silly reify mark deleted [
209 silly reify   '/Users/petemcpherson/Coding Projects/pete-mcpherson/node_modules/wrangler/node_modules/@esbuild/linux-s390x'
209 silly reify ]
210 verbose reify failed optional dependency /Users/petemcpherson/Coding Projects/pete-mcpherson/node_modules/wrangler/node_modules/@esbuild/linux-riscv64
211 silly reify mark deleted [
211 silly reify   '/Users/petemcpherson/Coding Projects/pete-mcpherson/node_modules/wrangler/node_modules/@esbuild/linux-riscv64'
211 silly reify ]
212 verbose reify failed optional dependency /Users/petemcpherson/Coding Projects/pete-mcpherson/node_modules/wrangler/node_modules/@esbuild/linux-ppc64
213 silly reify mark deleted [
213 silly reify   '/Users/petemcpherson/Coding Projects/pete-mcpherson/node_modules/wrangler/node_modules/@esbuild/linux-ppc64'
213 silly reify ]
214 verbose reify failed optional dependency /Users/petemcpherson/Coding Projects/pete-mcpherson/node_modules/wrangler/node_modules/@esbuild/linux-mips64el
215 silly reify mark deleted [
215 silly reify   '/Users/petemcpherson/Coding Projects/pete-mcpherson/node_modules/wrangler/node_modules/@esbuild/linux-mips64el'
215 silly reify ]
216 verbose reify failed optional dependency /Users/petemcpherson/Coding Projects/pete-mcpherson/node_modules/wrangler/node_modules/@esbuild/linux-loong64
217 silly reify mark deleted [
217 silly reify   '/Users/petemcpherson/Coding Projects/pete-mcpherson/node_modules/wrangler/node_modules/@esbuild/linux-loong64'
217 silly reify ]
218 verbose reify failed optional dependency /Users/petemcpherson/Coding Projects/pete-mcpherson/node_modules/wrangler/node_modules/@esbuild/linux-ia32
219 silly reify mark deleted [
219 silly reify   '/Users/petemcpherson/Coding Projects/pete-mcpherson/node_modules/wrangler/node_modules/@esbuild/linux-ia32'
219 silly reify ]
220 verbose reify failed optional dependency /Users/petemcpherson/Coding Projects/pete-mcpherson/node_modules/wrangler/node_modules/@esbuild/linux-arm64
221 silly reify mark deleted [
221 silly reify   '/Users/petemcpherson/Coding Projects/pete-mcpherson/node_modules/wrangler/node_modules/@esbuild/linux-arm64'
221 silly reify ]
222 verbose reify failed optional dependency /Users/petemcpherson/Coding Projects/pete-mcpherson/node_modules/wrangler/node_modules/@esbuild/linux-arm
223 silly reify mark deleted [
223 silly reify   '/Users/petemcpherson/Coding Projects/pete-mcpherson/node_modules/wrangler/node_modules/@esbuild/linux-arm'
223 silly reify ]
224 verbose reify failed optional dependency /Users/petemcpherson/Coding Projects/pete-mcpherson/node_modules/wrangler/node_modules/@esbuild/freebsd-x64
225 silly reify mark deleted [
225 silly reify   '/Users/petemcpherson/Coding Projects/pete-mcpherson/node_modules/wrangler/node_modules/@esbuild/freebsd-x64'
225 silly reify ]
226 verbose reify failed optional dependency /Users/petemcpherson/Coding Projects/pete-mcpherson/node_modules/wrangler/node_modules/@esbuild/freebsd-arm64
227 silly reify mark deleted [
227 silly reify   '/Users/petemcpherson/Coding Projects/pete-mcpherson/node_modules/wrangler/node_modules/@esbuild/freebsd-arm64'
227 silly reify ]
228 verbose reify failed optional dependency /Users/petemcpherson/Coding Projects/pete-mcpherson/node_modules/wrangler/node_modules/@esbuild/darwin-x64
229 silly reify mark deleted [
229 silly reify   '/Users/petemcpherson/Coding Projects/pete-mcpherson/node_modules/wrangler/node_modules/@esbuild/darwin-x64'
229 silly reify ]
230 verbose reify failed optional dependency /Users/petemcpherson/Coding Projects/pete-mcpherson/node_modules/wrangler/node_modules/@esbuild/android-x64
231 silly reify mark deleted [
231 silly reify   '/Users/petemcpherson/Coding Projects/pete-mcpherson/node_modules/wrangler/node_modules/@esbuild/android-x64'
231 silly reify ]
232 verbose reify failed optional dependency /Users/petemcpherson/Coding Projects/pete-mcpherson/node_modules/wrangler/node_modules/@esbuild/android-arm64
233 silly reify mark deleted [
233 silly reify   '/Users/petemcpherson/Coding Projects/pete-mcpherson/node_modules/wrangler/node_modules/@esbuild/android-arm64'
233 silly reify ]
234 verbose reify failed optional dependency /Users/petemcpherson/Coding Projects/pete-mcpherson/node_modules/wrangler/node_modules/@esbuild/android-arm
235 silly reify mark deleted [
235 silly reify   '/Users/petemcpherson/Coding Projects/pete-mcpherson/node_modules/wrangler/node_modules/@esbuild/android-arm'
235 silly reify ]
236 verbose reify failed optional dependency /Users/petemcpherson/Coding Projects/pete-mcpherson/node_modules/vite/node_modules/@esbuild/win32-x64
237 silly reify mark deleted [
237 silly reify   '/Users/petemcpherson/Coding Projects/pete-mcpherson/node_modules/vite/node_modules/@esbuild/win32-x64'
237 silly reify ]
238 verbose reify failed optional dependency /Users/petemcpherson/Coding Projects/pete-mcpherson/node_modules/vite/node_modules/@esbuild/win32-ia32
239 silly reify mark deleted [
239 silly reify   '/Users/petemcpherson/Coding Projects/pete-mcpherson/node_modules/vite/node_modules/@esbuild/win32-ia32'
239 silly reify ]
240 verbose reify failed optional dependency /Users/petemcpherson/Coding Projects/pete-mcpherson/node_modules/vite/node_modules/@esbuild/win32-arm64
241 silly reify mark deleted [
241 silly reify   '/Users/petemcpherson/Coding Projects/pete-mcpherson/node_modules/vite/node_modules/@esbuild/win32-arm64'
241 silly reify ]
242 verbose reify failed optional dependency /Users/petemcpherson/Coding Projects/pete-mcpherson/node_modules/vite/node_modules/@esbuild/sunos-x64
243 silly reify mark deleted [
243 silly reify   '/Users/petemcpherson/Coding Projects/pete-mcpherson/node_modules/vite/node_modules/@esbuild/sunos-x64'
243 silly reify ]
244 verbose reify failed optional dependency /Users/petemcpherson/Coding Projects/pete-mcpherson/node_modules/vite/node_modules/@esbuild/openbsd-x64
245 silly reify mark deleted [
245 silly reify   '/Users/petemcpherson/Coding Projects/pete-mcpherson/node_modules/vite/node_modules/@esbuild/openbsd-x64'
245 silly reify ]
246 verbose reify failed optional dependency /Users/petemcpherson/Coding Projects/pete-mcpherson/node_modules/vite/node_modules/@esbuild/netbsd-x64
247 silly reify mark deleted [
247 silly reify   '/Users/petemcpherson/Coding Projects/pete-mcpherson/node_modules/vite/node_modules/@esbuild/netbsd-x64'
247 silly reify ]
248 verbose reify failed optional dependency /Users/petemcpherson/Coding Projects/pete-mcpherson/node_modules/vite/node_modules/@esbuild/linux-x64
249 silly reify mark deleted [
249 silly reify   '/Users/petemcpherson/Coding Projects/pete-mcpherson/node_modules/vite/node_modules/@esbuild/linux-x64'
249 silly reify ]
250 verbose reify failed optional dependency /Users/petemcpherson/Coding Projects/pete-mcpherson/node_modules/vite/node_modules/@esbuild/linux-s390x
251 silly reify mark deleted [
251 silly reify   '/Users/petemcpherson/Coding Projects/pete-mcpherson/node_modules/vite/node_modules/@esbuild/linux-s390x'
251 silly reify ]
252 verbose reify failed optional dependency /Users/petemcpherson/Coding Projects/pete-mcpherson/node_modules/vite/node_modules/@esbuild/linux-riscv64
253 silly reify mark deleted [
253 silly reify   '/Users/petemcpherson/Coding Projects/pete-mcpherson/node_modules/vite/node_modules/@esbuild/linux-riscv64'
253 silly reify ]
254 verbose reify failed optional dependency /Users/petemcpherson/Coding Projects/pete-mcpherson/node_modules/vite/node_modules/@esbuild/linux-ppc64
255 silly reify mark deleted [
255 silly reify   '/Users/petemcpherson/Coding Projects/pete-mcpherson/node_modules/vite/node_modules/@esbuild/linux-ppc64'
255 silly reify ]
256 verbose reify failed optional dependency /Users/petemcpherson/Coding Projects/pete-mcpherson/node_modules/vite/node_modules/@esbuild/linux-mips64el
257 silly reify mark deleted [
257 silly reify   '/Users/petemcpherson/Coding Projects/pete-mcpherson/node_modules/vite/node_modules/@esbuild/linux-mips64el'
257 silly reify ]
258 verbose reify failed optional dependency /Users/petemcpherson/Coding Projects/pete-mcpherson/node_modules/vite/node_modules/@esbuild/linux-loong64
259 silly reify mark deleted [
259 silly reify   '/Users/petemcpherson/Coding Projects/pete-mcpherson/node_modules/vite/node_modules/@esbuild/linux-loong64'
259 silly reify ]
260 verbose reify failed optional dependency /Users/petemcpherson/Coding Projects/pete-mcpherson/node_modules/vite/node_modules/@esbuild/linux-ia32
261 silly reify mark deleted [
261 silly reify   '/Users/petemcpherson/Coding Projects/pete-mcpherson/node_modules/vite/node_modules/@esbuild/linux-ia32'
261 silly reify ]
262 verbose reify failed optional dependency /Users/petemcpherson/Coding Projects/pete-mcpherson/node_modules/vite/node_modules/@esbuild/linux-arm64
263 silly reify mark deleted [
263 silly reify   '/Users/petemcpherson/Coding Projects/pete-mcpherson/node_modules/vite/node_modules/@esbuild/linux-arm64'
263 silly reify ]
264 verbose reify failed optional dependency /Users/petemcpherson/Coding Projects/pete-mcpherson/node_modules/vite/node_modules/@esbuild/linux-arm
265 silly reify mark deleted [
265 silly reify   '/Users/petemcpherson/Coding Projects/pete-mcpherson/node_modules/vite/node_modules/@esbuild/linux-arm'
265 silly reify ]
266 verbose reify failed optional dependency /Users/petemcpherson/Coding Projects/pete-mcpherson/node_modules/vite/node_modules/@esbuild/freebsd-x64
267 silly reify mark deleted [
267 silly reify   '/Users/petemcpherson/Coding Projects/pete-mcpherson/node_modules/vite/node_modules/@esbuild/freebsd-x64'
267 silly reify ]
268 verbose reify failed optional dependency /Users/petemcpherson/Coding Projects/pete-mcpherson/node_modules/vite/node_modules/@esbuild/freebsd-arm64
269 silly reify mark deleted [
269 silly reify   '/Users/petemcpherson/Coding Projects/pete-mcpherson/node_modules/vite/node_modules/@esbuild/freebsd-arm64'
269 silly reify ]
270 verbose reify failed optional dependency /Users/petemcpherson/Coding Projects/pete-mcpherson/node_modules/vite/node_modules/@esbuild/darwin-x64
271 silly reify mark deleted [
271 silly reify   '/Users/petemcpherson/Coding Projects/pete-mcpherson/node_modules/vite/node_modules/@esbuild/darwin-x64'
271 silly reify ]
272 verbose reify failed optional dependency /Users/petemcpherson/Coding Projects/pete-mcpherson/node_modules/vite/node_modules/@esbuild/android-x64
273 silly reify mark deleted [
273 silly reify   '/Users/petemcpherson/Coding Projects/pete-mcpherson/node_modules/vite/node_modules/@esbuild/android-x64'
273 silly reify ]
274 verbose reify failed optional dependency /Users/petemcpherson/Coding Projects/pete-mcpherson/node_modules/vite/node_modules/@esbuild/android-arm64
275 silly reify mark deleted [
275 silly reify   '/Users/petemcpherson/Coding Projects/pete-mcpherson/node_modules/vite/node_modules/@esbuild/android-arm64'
275 silly reify ]
276 verbose reify failed optional dependency /Users/petemcpherson/Coding Projects/pete-mcpherson/node_modules/vite/node_modules/@esbuild/android-arm
277 silly reify mark deleted [
277 silly reify   '/Users/petemcpherson/Coding Projects/pete-mcpherson/node_modules/vite/node_modules/@esbuild/android-arm'
277 silly reify ]
278 verbose reify failed optional dependency /Users/petemcpherson/Coding Projects/pete-mcpherson/node_modules/vite/node_modules/@esbuild/aix-ppc64
279 silly reify mark deleted [
279 silly reify   '/Users/petemcpherson/Coding Projects/pete-mcpherson/node_modules/vite/node_modules/@esbuild/aix-ppc64'
279 silly reify ]
280 silly tarball no local data for call-bound@https://registry.npmjs.org/call-bound/-/call-bound-1.0.4.tgz. Extracting by manifest.
281 silly tarball no local data for object-inspect@https://registry.npmjs.org/object-inspect/-/object-inspect-1.13.4.tgz. Extracting by manifest.
282 silly tarball no local data for side-channel-list@https://registry.npmjs.org/side-channel-list/-/side-channel-list-1.0.0.tgz. Extracting by manifest.
283 silly tarball no local data for side-channel-map@https://registry.npmjs.org/side-channel-map/-/side-channel-map-1.0.1.tgz. Extracting by manifest.
284 silly tarball no local data for side-channel@https://registry.npmjs.org/side-channel/-/side-channel-1.1.0.tgz. Extracting by manifest.
285 silly tarball no local data for qs@https://registry.npmjs.org/qs/-/qs-6.14.1.tgz. Extracting by manifest.
286 silly tarball no local data for @emnapi/runtime@https://registry.npmjs.org/@emnapi/runtime/-/runtime-1.4.0.tgz. Extracting by manifest.
287 silly tarball no local data for stripe@https://registry.npmjs.org/stripe/-/stripe-20.2.0.tgz. Extracting by manifest.
288 silly tarball no local data for side-channel-weakmap@https://registry.npmjs.org/side-channel-weakmap/-/side-channel-weakmap-1.0.2.tgz. Extracting by manifest.
289 http fetch GET 200 https://registry.npmjs.org/side-channel-list/-/side-channel-list-1.0.0.tgz 56ms (cache miss)
290 http fetch GET 200 https://registry.npmjs.org/call-bound/-/call-bound-1.0.4.tgz 58ms (cache miss)
291 http fetch GET 200 https://registry.npmjs.org/object-inspect/-/object-inspect-1.13.4.tgz 61ms (cache miss)
292 http fetch POST 200 https://registry.npmjs.org/-/npm/v1/security/advisories/bulk 109ms
293 silly audit report {
293 silly audit report   '@sveltejs/kit': [
293 silly audit report     {
293 silly audit report       id: 1103921,
293 silly audit report       url: 'https://github.com/advisories/GHSA-6q87-84jw-cjhp',
293 silly audit report       title: '@sveltejs/kit vulnerable to Cross-site Scripting via tracked search_params',
293 silly audit report       severity: 'moderate',
293 silly audit report       vulnerable_versions: '>=2.0.0 <2.20.6',
293 silly audit report       cwe: [Array],
293 silly audit report       cvss: [Object]
293 silly audit report     },
293 silly audit report     {
293 silly audit report       id: 1112190,
293 silly audit report       url: 'https://github.com/advisories/GHSA-j62c-4x62-9r35',
293 silly audit report       title: 'SvelteKit is vulnerable to denial of service and possible SSRF when using prerendering',
293 silly audit report       severity: 'high',
293 silly audit report       vulnerable_versions: '>=2.19.0 <=2.49.4',
293 silly audit report       cwe: [Array],
293 silly audit report       cvss: [Object]
293 silly audit report     }
293 silly audit report   ],
293 silly audit report   'brace-expansion': [
293 silly audit report     {
293 silly audit report       id: 1105444,
293 silly audit report       url: 'https://github.com/advisories/GHSA-v6h2-p8h4-qcjw',
293 silly audit report       title: 'brace-expansion Regular Expression Denial of Service vulnerability',
293 silly audit report       severity: 'low',
293 silly audit report       vulnerable_versions: '>=2.0.0 <=2.0.1',
293 silly audit report       cwe: [Array],
293 silly audit report       cvss: [Object]
293 silly audit report     }
293 silly audit report   ],
293 silly audit report   cookie: [
293 silly audit report     {
293 silly audit report       id: 1103907,
293 silly audit report       url: 'https://github.com/advisories/GHSA-pxg6-pf52-xh8x',
293 silly audit report       title: 'cookie accepts cookie name, path, and domain with out of bounds characters',
293 silly audit report       severity: 'low',
293 silly audit report       vulnerable_versions: '<0.7.0',
293 silly audit report       cwe: [Array],
293 silly audit report       cvss: [Object]
293 silly audit report     }
293 silly audit report   ],
293 silly audit report   devalue: [
293 silly audit report     {
293 silly audit report       id: 1106997,
293 silly audit report       url: 'https://github.com/advisories/GHSA-vj54-72f3-p5jv',
293 silly audit report       title: 'devalue prototype pollution vulnerability',
293 silly audit report       severity: 'high',
293 silly audit report       vulnerable_versions: '<5.3.2',
293 silly audit report       cwe: [Array],
293 silly audit report       cvss: [Object]
293 silly audit report     },
293 silly audit report     {
293 silly audit report       id: 1112183,
293 silly audit report       url: 'https://github.com/advisories/GHSA-g2pg-6438-jwpf',
293 silly audit report       title: 'devalue vulnerable to denial of service due to memory/CPU exhaustion in devalue.parse',
293 silly audit report       severity: 'high',
293 silly audit report       vulnerable_versions: '>=5.1.0 <5.6.2',
293 silly audit report       cwe: [Array],
293 silly audit report       cvss: [Object]
293 silly audit report     }
293 silly audit report   ],
293 silly audit report   esbuild: [
293 silly audit report     {
293 silly audit report       id: 1102341,
293 silly audit report       url: 'https://github.com/advisories/GHSA-67mh-4wv8-2f99',
293 silly audit report       title: 'esbuild enables any website to send any requests to the development server and read the response',
293 silly audit report       severity: 'moderate',
293 silly audit report       vulnerable_versions: '<=0.24.2',
293 silly audit report       cwe: [Array],
293 silly audit report       cvss: [Object]
293 silly audit report     }
293 silly audit report   ],
293 silly audit report   'form-data': [
293 silly audit report     {
293 silly audit report       id: 1109540,
293 silly audit report       url: 'https://github.com/advisories/GHSA-fjxv-7rqg-78g4',
293 silly audit report       title: 'form-data uses unsafe random function in form-data for choosing boundary',
293 silly audit report       severity: 'critical',
293 silly audit report       vulnerable_versions: '<2.5.4',
293 silly audit report       cwe: [Array],
293 silly audit report       cvss: [Object]
293 silly audit report     }
293 silly audit report   ],
293 silly audit report   glob: [
293 silly audit report     {
293 silly audit report       id: 1109842,
293 silly audit report       url: 'https://github.com/advisories/GHSA-5j98-mcp5-4vw2',
293 silly audit report       title: 'glob CLI: Command injection via -c/--cmd executes matches with shell:true',
293 silly audit report       severity: 'high',
293 silly audit report       vulnerable_versions: '>=10.2.0 <10.5.0',
293 silly audit report       cwe: [Array],
293 silly audit report       cvss: [Object]
293 silly audit report     }
293 silly audit report   ],
293 silly audit report   jws: [
293 silly audit report     {
293 silly audit report       id: 1111243,
293 silly audit report       url: 'https://github.com/advisories/GHSA-869p-cjfg-cm3x',
293 silly audit report       title: 'auth0/node-jws Improperly Verifies HMAC Signature',
293 silly audit report       severity: 'high',
293 silly audit report       vulnerable_versions: '=4.0.0',
293 silly audit report       cwe: [Array],
293 silly audit report       cvss: [Object]
293 silly audit report     },
293 silly audit report     {
293 silly audit report       id: 1111244,
293 silly audit report       url: 'https://github.com/advisories/GHSA-869p-cjfg-cm3x',
293 silly audit report       title: 'auth0/node-jws Improperly Verifies HMAC Signature',
293 silly audit report       severity: 'high',
293 silly audit report       vulnerable_versions: '<3.2.3',
293 silly audit report       cwe: [Array],
293 silly audit report       cvss: [Object]
293 silly audit report     }
293 silly audit report   ],
293 silly audit report   linkifyjs: [
293 silly audit report     {
293 silly audit report       id: 1112466,
293 silly audit report       url: 'https://github.com/advisories/GHSA-95jq-xph2-cx9h',
293 silly audit report       title: 'Linkify Allows Prototype Pollution & HTML Attribute Injection (XSS)',
293 silly audit report       severity: 'high',
293 silly audit report       vulnerable_versions: '<4.3.2',
293 silly audit report       cwe: [Array],
293 silly audit report       cvss: [Object]
293 silly audit report     }
293 silly audit report   ],
293 silly audit report   'node-forge': [
293 silly audit report     {
293 silly audit report       id: 1110996,
293 silly audit report       url: 'https://github.com/advisories/GHSA-554w-wpv2-vw27',
293 silly audit report       title: 'node-forge has ASN.1 Unbounded Recursion',
293 silly audit report       severity: 'high',
293 silly audit report       vulnerable_versions: '<1.3.2',
293 silly audit report       cwe: [Array],
293 silly audit report       cvss: [Object]
293 silly audit report     },
293 silly audit report     {
293 silly audit report       id: 1110998,
293 silly audit report       url: 'https://github.com/advisories/GHSA-5gfm-wpxj-wjgq',
293 silly audit report       title: 'node-forge has an Interpretation Conflict vulnerability via its ASN.1 Validator Desynchronization',
293 silly audit report       severity: 'high',
293 silly audit report       vulnerable_versions: '<1.3.2',
293 silly audit report       cwe: [Array],
293 silly audit report       cvss: [Object]
293 silly audit report     },
293 silly audit report     {
293 silly audit report       id: 1111068,
293 silly audit report       url: 'https://github.com/advisories/GHSA-65ch-62r8-g69g',
293 silly audit report       title: 'node-forge is vulnerable to ASN.1 OID Integer Truncation',
293 silly audit report       severity: 'moderate',
293 silly audit report       vulnerable_versions: '<1.3.2',
293 silly audit report       cwe: [Array],
293 silly audit report       cvss: [Object]
293 silly audit report     }
293 silly audit report   ],
293 silly audit report   undici: [
293 silly audit report     {
293 silly audit report       id: 1112153,
293 silly audit report       url: 'https://github.com/advisories/GHSA-g9mf-h72j-4rw9',
293 silly audit report       title: 'Undici has an unbounded decompression chain in HTTP responses on Node.js Fetch API via Content-Encoding leads to resource exhaustion',
293 silly audit report       severity: 'low',
293 silly audit report       vulnerable_versions: '<6.23.0',
293 silly audit report       cwe: [Array],
293 silly audit report       cvss: [Object]
293 silly audit report     }
293 silly audit report   ],
293 silly audit report   vite: [
293 silly audit report     {
293 silly audit report       id: 1103884,
293 silly audit report       url: 'https://github.com/advisories/GHSA-356w-63v5-8wf4',
293 silly audit report       title: 'Vite has an `server.fs.deny` bypass with an invalid `request-target`',
293 silly audit report       severity: 'moderate',
293 silly audit report       vulnerable_versions: '>=5.0.0 <5.4.18',
293 silly audit report       cwe: [Array],
293 silly audit report       cvss: [Object]
293 silly audit report     },
293 silly audit report     {
293 silly audit report       id: 1104173,
293 silly audit report       url: 'https://github.com/advisories/GHSA-859w-5945-r5v3',
293 silly audit report       title: "Vite's server.fs.deny bypassed with /. for files under project root",
293 silly audit report       severity: 'moderate',
293 silly audit report       vulnerable_versions: '>=5.0.0 <=5.4.18',
293 silly audit report       cwe: [Array],
293 silly audit report       cvss: [Object]
293 silly audit report     },
293 silly audit report     {
293 silly audit report       id: 1104202,
293 silly audit report       url: 'https://github.com/advisories/GHSA-xcj6-pq6g-qj4x',
293 silly audit report       title: 'Vite allows server.fs.deny to be bypassed with .svg or relative paths',
293 silly audit report       severity: 'moderate',
293 silly audit report       vulnerable_versions: '>=5.0.0 <5.4.17',
293 silly audit report       cwe: [Array],
293 silly audit report       cvss: [Object]
293 silly audit report     },
293 silly audit report     {
293 silly audit report       id: 1107323,
293 silly audit report       url: 'https://github.com/advisories/GHSA-g4jq-h2w9-997c',
293 silly audit report       title: 'Vite middleware may serve files starting with the same name with the public directory',
293 silly audit report       severity: 'low',
293 silly audit report       vulnerable_versions: '<=5.4.19',
293 silly audit report       cwe: [Array],
293 silly audit report       cvss: [Object]
293 silly audit report     },
293 silly audit report     {
293 silly audit report       id: 1107327,
293 silly audit report       url: 'https://github.com/advisories/GHSA-jqfw-vq24-v9c3',
293 silly audit report       title: "Vite's `server.fs` settings were not applied to HTML files",
293 silly audit report       severity: 'low',
293 silly audit report       vulnerable_versions: '<=5.4.19',
293 silly audit report       cwe: [Array],
293 silly audit report       cvss: [Object]
293 silly audit report     },
293 silly audit report     {
293 silly audit report       id: 1109131,
293 silly audit report       url: 'https://github.com/advisories/GHSA-93m4-6634-74q7',
293 silly audit report       title: 'vite allows server.fs.deny bypass via backslash on Windows',
293 silly audit report       severity: 'moderate',
293 silly audit report       vulnerable_versions: '>=5.2.6 <=5.4.20',
293 silly audit report       cwe: [Array],
293 silly audit report       cvss: [Object]
293 silly audit report     }
293 silly audit report   ],
293 silly audit report   wrangler: [
293 silly audit report     {
293 silly audit report       id: 1112457,
293 silly audit report       url: 'https://github.com/advisories/GHSA-36p8-mvp6-cv38',
293 silly audit report       title: 'Wrangler affected by OS Command Injection in `wrangler pages deploy`',
293 silly audit report       severity: 'high',
293 silly audit report       vulnerable_versions: '>=2.0.15 <3.114.17',
293 silly audit report       cwe: [Array],
293 silly audit report       cvss: [Object]
293 silly audit report     }
293 silly audit report   ]
293 silly audit report }
294 silly packumentCache corgi:https://registry.npmjs.org/@sveltejs%2fkit cache-miss
295 silly packumentCache corgi:https://registry.npmjs.org/brace-expansion cache-miss
296 silly packumentCache corgi:https://registry.npmjs.org/cookie cache-miss
297 silly packumentCache corgi:https://registry.npmjs.org/devalue cache-miss
298 silly packumentCache corgi:https://registry.npmjs.org/esbuild cache-miss
299 silly packumentCache corgi:https://registry.npmjs.org/form-data cache-miss
300 silly packumentCache corgi:https://registry.npmjs.org/glob cache-miss
301 silly packumentCache corgi:https://registry.npmjs.org/jws cache-miss
302 silly packumentCache corgi:https://registry.npmjs.org/linkifyjs cache-miss
303 silly packumentCache corgi:https://registry.npmjs.org/node-forge cache-miss
304 silly packumentCache corgi:https://registry.npmjs.org/undici cache-miss
305 silly packumentCache corgi:https://registry.npmjs.org/vite cache-miss
306 silly packumentCache corgi:https://registry.npmjs.org/wrangler cache-miss
307 http fetch GET 200 https://registry.npmjs.org/side-channel-map/-/side-channel-map-1.0.1.tgz 118ms (cache miss)
308 http fetch GET 200 https://registry.npmjs.org/side-channel-weakmap/-/side-channel-weakmap-1.0.2.tgz 118ms (cache miss)
309 http fetch GET 200 https://registry.npmjs.org/qs/-/qs-6.14.1.tgz 137ms (cache miss)
310 http fetch GET 200 https://registry.npmjs.org/side-channel/-/side-channel-1.1.0.tgz 139ms (cache miss)
311 http fetch GET 200 https://registry.npmjs.org/@emnapi/runtime/-/runtime-1.4.0.tgz 146ms (cache miss)
312 http fetch GET 200 https://registry.npmjs.org/cookie 52ms (cache miss)
313 silly packumentCache corgi:https://registry.npmjs.org/cookie set size:undefined disposed:false
314 http fetch GET 200 https://registry.npmjs.org/brace-expansion 62ms (cache miss)
315 silly packumentCache corgi:https://registry.npmjs.org/brace-expansion set size:undefined disposed:false
316 http fetch GET 200 https://registry.npmjs.org/undici 73ms (cache miss)
317 silly packumentCache corgi:https://registry.npmjs.org/undici set size:undefined disposed:false
318 http fetch GET 200 https://registry.npmjs.org/node-forge 80ms (cache miss)
319 silly packumentCache corgi:https://registry.npmjs.org/node-forge set size:undefined disposed:false
320 http fetch GET 200 https://registry.npmjs.org/devalue 121ms (cache miss)
321 silly packumentCache corgi:https://registry.npmjs.org/devalue set size:undefined disposed:false
322 http fetch GET 200 https://registry.npmjs.org/@sveltejs%2fkit 124ms (cache miss)
323 silly packumentCache corgi:https://registry.npmjs.org/@sveltejs%2fkit set size:undefined disposed:false
324 http fetch GET 200 https://registry.npmjs.org/glob 145ms (cache miss)
325 silly packumentCache corgi:https://registry.npmjs.org/glob set size:undefined disposed:false
326 http fetch GET 200 https://registry.npmjs.org/linkifyjs 148ms (cache miss)
327 silly packumentCache corgi:https://registry.npmjs.org/linkifyjs set size:undefined disposed:false
328 http fetch GET 200 https://registry.npmjs.org/jws 150ms (cache miss)
329 silly packumentCache corgi:https://registry.npmjs.org/jws set size:undefined disposed:false
330 http fetch GET 200 https://registry.npmjs.org/form-data 157ms (cache miss)
331 silly packumentCache corgi:https://registry.npmjs.org/form-data set size:undefined disposed:false
332 http fetch GET 200 https://registry.npmjs.org/esbuild 160ms (cache miss)
333 silly packumentCache corgi:https://registry.npmjs.org/esbuild set size:undefined disposed:false
334 http fetch GET 200 https://registry.npmjs.org/vite 164ms (cache miss)
335 silly packumentCache corgi:https://registry.npmjs.org/vite set size:undefined disposed:false
336 http fetch GET 200 https://registry.npmjs.org/stripe/-/stripe-20.2.0.tgz 349ms (cache miss)
337 http fetch GET 200 https://registry.npmjs.org/wrangler 336ms (cache miss)
338 silly packumentCache corgi:https://registry.npmjs.org/wrangler set size:undefined disposed:false
339 silly packumentCache corgi:https://registry.npmjs.org/@sveltejs%2fadapter-auto cache-miss
340 silly packumentCache corgi:https://registry.npmjs.org/@sveltejs%2fadapter-cloudflare cache-miss
341 http fetch GET 200 https://registry.npmjs.org/@sveltejs%2fadapter-cloudflare 78ms (cache miss)
342 silly packumentCache corgi:https://registry.npmjs.org/@sveltejs%2fadapter-cloudflare set size:undefined disposed:false
343 http fetch GET 200 https://registry.npmjs.org/@sveltejs%2fadapter-auto 189ms (cache miss)
344 silly packumentCache corgi:https://registry.npmjs.org/@sveltejs%2fadapter-auto set size:undefined disposed:false
345 silly packumentCache corgi:https://registry.npmjs.org/minimatch cache-miss
346 http fetch GET 200 https://registry.npmjs.org/minimatch 60ms (cache miss)
347 silly packumentCache corgi:https://registry.npmjs.org/minimatch set size:undefined disposed:false
348 silly packumentCache corgi:https://registry.npmjs.org/youch cache-miss
349 http fetch GET 200 https://registry.npmjs.org/youch 65ms (cache miss)
350 silly packumentCache corgi:https://registry.npmjs.org/youch set size:undefined disposed:false
351 silly packumentCache corgi:https://registry.npmjs.org/@esbuild-plugins%2fnode-globals-polyfill cache-miss
352 silly packumentCache corgi:https://registry.npmjs.org/@esbuild-plugins%2fnode-modules-polyfill cache-miss
353 http fetch GET 200 https://registry.npmjs.org/@esbuild-plugins%2fnode-modules-polyfill 336ms (cache miss)
354 silly packumentCache corgi:https://registry.npmjs.org/@esbuild-plugins%2fnode-modules-polyfill set size:undefined disposed:false
355 http fetch GET 200 https://registry.npmjs.org/@esbuild-plugins%2fnode-globals-polyfill 349ms (cache miss)
356 silly packumentCache corgi:https://registry.npmjs.org/@esbuild-plugins%2fnode-globals-polyfill set size:undefined disposed:false
357 silly packumentCache corgi:https://registry.npmjs.org/@types%2frequest cache-miss
358 http fetch GET 200 https://registry.npmjs.org/@types%2frequest 59ms (cache miss)
359 silly packumentCache corgi:https://registry.npmjs.org/@types%2frequest set size:undefined disposed:false
360 silly packumentCache corgi:https://registry.npmjs.org/sucrase cache-miss
361 http fetch GET 200 https://registry.npmjs.org/sucrase 50ms (cache miss)
362 silly packumentCache corgi:https://registry.npmjs.org/sucrase set size:undefined disposed:false
363 silly packumentCache corgi:https://registry.npmjs.org/google-auth-library cache-miss
364 silly packumentCache corgi:https://registry.npmjs.org/gtoken cache-miss
365 http fetch GET 200 https://registry.npmjs.org/gtoken 44ms (cache miss)
366 silly packumentCache corgi:https://registry.npmjs.org/gtoken set size:undefined disposed:false
367 http fetch GET 200 https://registry.npmjs.org/google-auth-library 51ms (cache miss)
368 silly packumentCache corgi:https://registry.npmjs.org/google-auth-library set size:undefined disposed:false
369 silly packumentCache corgi:https://registry.npmjs.org/jsonwebtoken cache-miss
370 http fetch GET 200 https://registry.npmjs.org/jsonwebtoken 74ms (cache miss)
371 silly packumentCache corgi:https://registry.npmjs.org/jsonwebtoken set size:undefined disposed:false
372 silly packumentCache corgi:https://registry.npmjs.org/@tiptap%2fextension-link cache-miss
373 http fetch GET 200 https://registry.npmjs.org/@tiptap%2fextension-link 71ms (cache miss)
374 silly packumentCache corgi:https://registry.npmjs.org/@tiptap%2fextension-link set size:undefined disposed:false
375 silly packumentCache corgi:https://registry.npmjs.org/firebase-admin cache-miss
376 http fetch GET 200 https://registry.npmjs.org/firebase-admin 83ms (cache miss)
377 silly packumentCache corgi:https://registry.npmjs.org/firebase-admin set size:undefined disposed:false
378 silly packumentCache corgi:https://registry.npmjs.org/miniflare cache-miss
379 http fetch GET 200 https://registry.npmjs.org/miniflare 90ms (cache miss)
380 silly packumentCache corgi:https://registry.npmjs.org/miniflare set size:undefined disposed:false
381 silly packumentCache corgi:https://registry.npmjs.org/@sveltejs%2fvite-plugin-svelte cache-miss
382 silly packumentCache corgi:https://registry.npmjs.org/@sveltejs%2fvite-plugin-svelte-inspector cache-miss
383 silly packumentCache corgi:https://registry.npmjs.org/vitefu cache-miss
384 http fetch GET 200 https://registry.npmjs.org/vitefu 71ms (cache miss)
385 silly packumentCache corgi:https://registry.npmjs.org/vitefu set size:undefined disposed:false
386 http fetch GET 200 https://registry.npmjs.org/@sveltejs%2fvite-plugin-svelte-inspector 87ms (cache miss)
387 silly packumentCache corgi:https://registry.npmjs.org/@sveltejs%2fvite-plugin-svelte-inspector set size:undefined disposed:false
388 http fetch GET 200 https://registry.npmjs.org/@sveltejs%2fvite-plugin-svelte 111ms (cache miss)
389 silly packumentCache corgi:https://registry.npmjs.org/@sveltejs%2fvite-plugin-svelte set size:undefined disposed:false
390 silly ADD node_modules/call-bound
391 silly ADD node_modules/side-channel-weakmap
392 silly ADD node_modules/side-channel-map
393 silly ADD node_modules/side-channel-list
394 silly ADD node_modules/object-inspect
395 silly ADD node_modules/side-channel
396 silly ADD node_modules/qs
397 silly ADD node_modules/stripe
398 silly ADD
399 silly ADD
400 silly ADD
401 silly ADD
402 silly ADD
403 silly ADD
404 silly ADD
405 silly ADD
406 silly ADD
407 silly ADD
408 silly ADD
409 silly ADD
410 silly ADD
411 silly ADD
412 silly ADD
413 silly ADD
414 silly ADD
415 silly ADD
416 silly ADD
417 silly ADD
418 silly ADD
419 silly ADD
420 silly ADD
421 silly ADD
422 silly ADD
423 silly ADD
424 silly ADD
425 silly ADD
426 silly ADD
427 silly ADD
428 silly ADD
429 silly ADD
430 silly ADD
431 silly ADD
432 silly ADD
433 silly ADD
434 silly ADD
435 silly ADD
436 silly ADD
437 silly ADD
438 silly ADD
439 silly ADD
440 silly ADD
441 silly ADD
442 silly ADD
443 silly ADD
444 silly ADD
445 silly ADD
446 silly ADD
447 silly ADD
448 silly ADD
449 silly ADD
450 silly ADD
451 silly ADD
452 silly ADD
453 silly ADD
454 silly ADD
455 silly ADD
456 silly ADD
457 silly ADD
458 silly ADD
459 silly ADD
460 silly ADD
461 silly ADD
462 silly ADD
463 silly ADD
464 silly ADD
465 silly ADD
466 silly ADD
467 silly ADD
468 silly ADD
469 silly ADD
470 silly ADD
471 silly ADD
472 silly ADD
473 silly ADD
474 silly ADD
475 silly ADD
476 silly ADD
477 silly ADD
478 silly ADD
479 silly ADD
480 silly ADD
481 silly ADD
482 silly ADD
483 silly ADD
484 silly ADD
485 silly ADD
486 silly ADD
487 silly ADD
488 silly ADD
489 silly ADD
490 silly ADD
491 silly ADD
492 silly ADD
493 silly ADD
494 silly ADD
495 silly ADD
496 silly ADD
497 silly ADD
498 silly ADD
499 silly ADD
500 silly ADD
501 silly ADD
502 silly ADD
503 silly ADD
504 silly ADD
505 silly ADD
506 verbose cwd /Users/petemcpherson/Coding Projects/pete-mcpherson
507 verbose os Darwin 23.6.0
508 verbose node v20.19.5
509 verbose npm  v10.8.2
510 verbose exit 0
511 info ok
